2019-07-08 23:37:57.015 [INFO ] [main] TestListener : 53  Test started CRMPRO Application Regression Test Cases
2019-07-08 23:38:17.465 [INFO ] [main] WebEventListener : 32  Before navigating to 'https://www.crmpro.com'
2019-07-08 23:38:27.890 [INFO ] [main] WebEventListener : 37  Navigated to 'https://www.crmpro.com'
2019-07-08 23:38:48.222 [INFO ] [main] TestListener : 21  Test started validateLoginPageTitleTest
2019-07-08 23:38:48.389 [ERROR] [main] TestListener : 33  Test failed validateLoginPageTitleTest
java.lang.AssertionError: expected [CRMPRO  - CRM software for customer relationship management, sales, and support.] but found [CRM says…]
	at org.testng.Assert.fail(Assert.java:96) ~[testng-6.14.3.jar:?]
	at org.testng.Assert.failNotEquals(Assert.java:776) ~[testng-6.14.3.jar:?]
	at org.testng.Assert.assertEqualsImpl(Assert.java:137) ~[testng-6.14.3.jar:?]
	at org.testng.Assert.assertEquals(Assert.java:118) ~[testng-6.14.3.jar:?]
	at org.testng.Assert.assertEquals(Assert.java:453) ~[testng-6.14.3.jar:?]
	at org.testng.Assert.assertEquals(Assert.java:463) ~[testng-6.14.3.jar:?]
	at com.midhun.crmpro.tests.LoginPageTest.validateLoginPageTitleTest(LoginPageTest.java:25) ~[test-classes/:?]
	at jdk.internal.reflect.NativeMethodAccessorImpl.invoke0(Native Method) ~[?:?]
	at jdk.internal.reflect.NativeMethodAccessorImpl.invoke(NativeMethodAccessorImpl.java:62) ~[?:?]
	at jdk.internal.reflect.DelegatingMethodAccessorImpl.invoke(DelegatingMethodAccessorImpl.java:43) ~[?:?]
	at java.lang.reflect.Method.invoke(Method.java:566) ~[?:?]
	at org.testng.internal.MethodInvocationHelper.invokeMethod(MethodInvocationHelper.java:124) ~[testng-6.14.3.jar:?]
	at org.testng.internal.Invoker.invokeMethod(Invoker.java:583) [testng-6.14.3.jar:?]
	at org.testng.internal.Invoker.invokeTestMethod(Invoker.java:719) [testng-6.14.3.jar:?]
	at org.testng.internal.Invoker.invokeTestMethods(Invoker.java:989) [testng-6.14.3.jar:?]
	at org.testng.internal.TestMethodWorker.invokeTestMethods(TestMethodWorker.java:125) [testng-6.14.3.jar:?]
	at org.testng.internal.TestMethodWorker.run(TestMethodWorker.java:109) [testng-6.14.3.jar:?]
	at org.testng.TestRunner.privateRun(TestRunner.java:648) [testng-6.14.3.jar:?]
	at org.testng.TestRunner.run(TestRunner.java:505) [testng-6.14.3.jar:?]
	at org.testng.SuiteRunner.runTest(SuiteRunner.java:455) [testng-6.14.3.jar:?]
	at org.testng.SuiteRunner.runSequentially(SuiteRunner.java:450) [testng-6.14.3.jar:?]
	at org.testng.SuiteRunner.privateRun(SuiteRunner.java:415) [testng-6.14.3.jar:?]
	at org.testng.SuiteRunner.run(SuiteRunner.java:364) [testng-6.14.3.jar:?]
	at org.testng.SuiteRunnerWorker.runSuite(SuiteRunnerWorker.java:52) [testng-6.14.3.jar:?]
	at org.testng.SuiteRunnerWorker.run(SuiteRunnerWorker.java:84) [testng-6.14.3.jar:?]
	at org.testng.TestNG.runSuitesSequentially(TestNG.java:1208) [testng-6.14.3.jar:?]
	at org.testng.TestNG.runSuitesLocally(TestNG.java:1137) [testng-6.14.3.jar:?]
	at org.testng.TestNG.runSuites(TestNG.java:1049) [testng-6.14.3.jar:?]
	at org.testng.TestNG.run(TestNG.java:1017) [testng-6.14.3.jar:?]
	at org.apache.maven.surefire.testng.TestNGExecutor.run(TestNGExecutor.java:283) [surefire-testng-3.0.0-M3.jar:3.0.0-M3]
	at org.apache.maven.surefire.testng.TestNGXmlTestSuite.execute(TestNGXmlTestSuite.java:75) [surefire-testng-3.0.0-M3.jar:3.0.0-M3]
	at org.apache.maven.surefire.testng.TestNGProvider.invoke(TestNGProvider.java:120) [surefire-testng-3.0.0-M3.jar:3.0.0-M3]
	at org.apache.maven.surefire.booter.ForkedBooter.invokeProviderInSameClassLoader(ForkedBooter.java:384) [surefire-booter-3.0.0-M3.jar:3.0.0-M3]
	at org.apache.maven.surefire.booter.ForkedBooter.runSuitesInProcess(ForkedBooter.java:345) [surefire-booter-3.0.0-M3.jar:3.0.0-M3]
	at org.apache.maven.surefire.booter.ForkedBooter.execute(ForkedBooter.java:126) [surefire-booter-3.0.0-M3.jar:3.0.0-M3]
	at org.apache.maven.surefire.booter.ForkedBooter.main(ForkedBooter.java:418) [surefire-booter-3.0.0-M3.jar:3.0.0-M3]
2019-07-08 23:39:02.778 [INFO ] [main] WebEventListener : 32  Before navigating to 'https://www.crmpro.com'
2019-07-08 23:39:15.438 [INFO ] [main] WebEventListener : 37  Navigated to 'https://www.crmpro.com'
2019-07-08 23:39:35.450 [INFO ] [main] TestListener : 21  Test started crmproLogoTest
2019-07-08 23:39:35.452 [INFO ] [main] WebEventListener : 87  Trying to find Element By By.xpath: //img[@src='https://d3lh3kd7bj2evy.cloudfront.net/img/logo.png']
2019-07-08 23:39:35.533 [INFO ] [main] WebEventListener : 92  Found Element By By.xpath: //img[@src='https://d3lh3kd7bj2evy.cloudfront.net/img/logo.png']
2019-07-08 23:39:35.693 [INFO ] [main] TestListener : 27  Test passed crmproLogoTest
2019-07-08 23:39:46.961 [INFO ] [main] WebEventListener : 32  Before navigating to 'https://www.crmpro.com'
2019-07-08 23:39:57.942 [INFO ] [main] WebEventListener : 37  Navigated to 'https://www.crmpro.com'
2019-07-08 23:40:17.945 [INFO ] [main] TestListener : 21  Test started loginTest
2019-07-08 23:40:17.947 [INFO ] [main] WebEventListener : 87  Trying to find Element By By.name: username
2019-07-08 23:40:18.041 [INFO ] [main] WebEventListener : 92  Found Element By By.name: username
2019-07-08 23:40:18.939 [INFO ] [main] WebEventListener : 87  Trying to find Element By By.name: password
2019-07-08 23:40:18.973 [INFO ] [main] WebEventListener : 92  Found Element By By.name: password
2019-07-08 23:40:19.337 [INFO ] [main] WebEventListener : 87  Trying to find Element By By.xpath: //input[@value='Login']
2019-07-08 23:40:19.380 [INFO ] [main] WebEventListener : 92  Found Element By By.xpath: //input[@value='Login']
2019-07-08 23:40:19.381 [INFO ] [main] WebEventListener : 52  Trying to click on [[ChromeDriver: chrome on XP (aa4c4d58b62342df67211f704d771944)] -> xpath: //input[@value='Login']]
2019-07-08 23:40:28.028 [INFO ] [main] WebEventListener : 57  Clicked on [[ChromeDriver: chrome on XP (aa4c4d58b62342df67211f704d771944)] -> xpath: //input[@value='Login']]
2019-07-08 23:40:43.077 [INFO ] [main] TestListener : 27  Test passed loginTest
2019-07-08 23:40:52.708 [INFO ] [main] WebEventListener : 32  Before navigating to 'https://www.crmpro.com'
2019-07-08 23:41:01.447 [INFO ] [main] WebEventListener : 37  Navigated to 'https://www.crmpro.com'
2019-07-08 23:41:21.450 [INFO ] [main] WebEventListener : 87  Trying to find Element By By.name: username
2019-07-08 23:41:21.535 [INFO ] [main] WebEventListener : 92  Found Element By By.name: username
2019-07-08 23:41:22.024 [INFO ] [main] WebEventListener : 87  Trying to find Element By By.name: password
2019-07-08 23:41:22.061 [INFO ] [main] WebEventListener : 92  Found Element By By.name: password
2019-07-08 23:41:22.245 [INFO ] [main] WebEventListener : 87  Trying to find Element By By.xpath: //input[@value='Login']
2019-07-08 23:41:22.291 [INFO ] [main] WebEventListener : 92  Found Element By By.xpath: //input[@value='Login']
2019-07-08 23:41:22.292 [INFO ] [main] WebEventListener : 52  Trying to click on [[ChromeDriver: chrome on XP (2432093449038855551cfe81ec5aff8b)] -> xpath: //input[@value='Login']]
2019-07-08 23:41:30.471 [INFO ] [main] WebEventListener : 57  Clicked on [[ChromeDriver: chrome on XP (2432093449038855551cfe81ec5aff8b)] -> xpath: //input[@value='Login']]
2019-07-08 23:41:45.473 [INFO ] [main] TestListener : 21  Test started validateHomePageTitleTest
2019-07-08 23:41:45.489 [INFO ] [main] TestListener : 27  Test passed validateHomePageTitleTest
2019-07-08 23:41:54.698 [INFO ] [main] WebEventListener : 32  Before navigating to 'https://www.crmpro.com'
2019-07-08 23:42:03.009 [INFO ] [main] WebEventListener : 37  Navigated to 'https://www.crmpro.com'
2019-07-08 23:42:23.012 [INFO ] [main] WebEventListener : 87  Trying to find Element By By.name: username
2019-07-08 23:42:23.149 [INFO ] [main] WebEventListener : 92  Found Element By By.name: username
2019-07-08 23:42:23.731 [INFO ] [main] WebEventListener : 87  Trying to find Element By By.name: password
2019-07-08 23:42:23.760 [INFO ] [main] WebEventListener : 92  Found Element By By.name: password
2019-07-08 23:42:23.904 [INFO ] [main] WebEventListener : 87  Trying to find Element By By.xpath: //input[@value='Login']
2019-07-08 23:42:23.936 [INFO ] [main] WebEventListener : 92  Found Element By By.xpath: //input[@value='Login']
2019-07-08 23:42:23.937 [INFO ] [main] WebEventListener : 52  Trying to click on [[ChromeDriver: chrome on XP (dc6bf48477ef312c95543439f381b271)] -> xpath: //input[@value='Login']]
2019-07-08 23:42:31.446 [INFO ] [main] WebEventListener : 57  Clicked on [[ChromeDriver: chrome on XP (dc6bf48477ef312c95543439f381b271)] -> xpath: //input[@value='Login']]
2019-07-08 23:42:46.452 [INFO ] [main] TestListener : 21  Test started validateLoggedInUserNameTest
2019-07-08 23:42:46.644 [INFO ] [main] WebEventListener : 87  Trying to find Element By By.xpath: //td[contains(text(), 'User: Midhun Kannath')]
2019-07-08 23:42:46.715 [INFO ] [main] WebEventListener : 92  Found Element By By.xpath: //td[contains(text(), 'User: Midhun Kannath')]
2019-07-08 23:42:46.806 [INFO ] [main] TestListener : 27  Test passed validateLoggedInUserNameTest
2019-07-08 23:42:55.578 [INFO ] [main] WebEventListener : 32  Before navigating to 'https://www.crmpro.com'
2019-07-08 23:43:05.402 [INFO ] [main] WebEventListener : 37  Navigated to 'https://www.crmpro.com'
2019-07-08 23:43:25.406 [INFO ] [main] WebEventListener : 87  Trying to find Element By By.name: username
2019-07-08 23:43:25.481 [INFO ] [main] WebEventListener : 92  Found Element By By.name: username
2019-07-08 23:43:25.743 [INFO ] [main] WebEventListener : 87  Trying to find Element By By.name: password
2019-07-08 23:43:25.779 [INFO ] [main] WebEventListener : 92  Found Element By By.name: password
2019-07-08 23:43:25.938 [INFO ] [main] WebEventListener : 87  Trying to find Element By By.xpath: //input[@value='Login']
2019-07-08 23:43:25.967 [INFO ] [main] WebEventListener : 92  Found Element By By.xpath: //input[@value='Login']
2019-07-08 23:43:25.970 [INFO ] [main] WebEventListener : 52  Trying to click on [[ChromeDriver: chrome on XP (d78b44de457ac9c605279fab193c2c73)] -> xpath: //input[@value='Login']]
2019-07-08 23:43:33.430 [INFO ] [main] WebEventListener : 57  Clicked on [[ChromeDriver: chrome on XP (d78b44de457ac9c605279fab193c2c73)] -> xpath: //input[@value='Login']]
2019-07-08 23:43:48.437 [INFO ] [main] TestListener : 21  Test started validateContactsLink
2019-07-08 23:43:48.562 [INFO ] [main] WebEventListener : 87  Trying to find Element By By.xpath: //a[@title='Contacts']
2019-07-08 23:43:48.641 [INFO ] [main] WebEventListener : 92  Found Element By By.xpath: //a[@title='Contacts']
2019-07-08 23:43:48.642 [INFO ] [main] WebEventListener : 52  Trying to click on [[ChromeDriver: chrome on XP (d78b44de457ac9c605279fab193c2c73)] -> xpath: //a[@title='Contacts']]
2019-07-08 23:44:00.933 [INFO ] [main] WebEventListener : 57  Clicked on [[ChromeDriver: chrome on XP (d78b44de457ac9c605279fab193c2c73)] -> xpath: //a[@title='Contacts']]
2019-07-08 23:44:15.978 [INFO ] [main] TestListener : 27  Test passed validateContactsLink
2019-07-08 23:44:20.811 [INFO ] [main] WebEventListener : 32  Before navigating to 'https://www.crmpro.com'
2019-07-08 23:44:29.215 [INFO ] [main] WebEventListener : 37  Navigated to 'https://www.crmpro.com'
2019-07-08 23:44:49.220 [INFO ] [main] WebEventListener : 87  Trying to find Element By By.name: username
2019-07-08 23:44:49.283 [INFO ] [main] WebEventListener : 92  Found Element By By.name: username
2019-07-08 23:44:49.644 [INFO ] [main] WebEventListener : 87  Trying to find Element By By.name: password
2019-07-08 23:44:49.689 [INFO ] [main] WebEventListener : 92  Found Element By By.name: password
2019-07-08 23:44:49.863 [INFO ] [main] WebEventListener : 87  Trying to find Element By By.xpath: //input[@value='Login']
2019-07-08 23:44:49.900 [INFO ] [main] WebEventListener : 92  Found Element By By.xpath: //input[@value='Login']
2019-07-08 23:44:49.901 [INFO ] [main] WebEventListener : 52  Trying to click on [[ChromeDriver: chrome on XP (d4643b0f65bb5f5e1c0b089590976290)] -> xpath: //input[@value='Login']]
2019-07-08 23:44:58.516 [INFO ] [main] WebEventListener : 57  Clicked on [[ChromeDriver: chrome on XP (d4643b0f65bb5f5e1c0b089590976290)] -> xpath: //input[@value='Login']]
2019-07-08 23:45:13.661 [INFO ] [main] WebEventListener : 87  Trying to find Element By By.xpath: //a[@title='Contacts']
2019-07-08 23:45:13.720 [INFO ] [main] WebEventListener : 92  Found Element By By.xpath: //a[@title='Contacts']
2019-07-08 23:45:13.720 [INFO ] [main] WebEventListener : 52  Trying to click on [[ChromeDriver: chrome on XP (d4643b0f65bb5f5e1c0b089590976290)] -> xpath: //a[@title='Contacts']]
2019-07-08 23:45:16.611 [INFO ] [main] WebEventListener : 57  Clicked on [[ChromeDriver: chrome on XP (d4643b0f65bb5f5e1c0b089590976290)] -> xpath: //a[@title='Contacts']]
2019-07-08 23:45:31.613 [INFO ] [main] TestListener : 21  Test started validateContactsLabelTest
2019-07-08 23:45:31.613 [INFO ] [main] WebEventListener : 87  Trying to find Element By By.xpath: //td[contains(text(), 'Contacts')]
2019-07-08 23:45:31.652 [INFO ] [main] WebEventListener : 92  Found Element By By.xpath: //td[contains(text(), 'Contacts')]
2019-07-08 23:45:31.707 [INFO ] [main] TestListener : 27  Test passed validateContactsLabelTest
2019-07-08 23:45:36.673 [INFO ] [main] WebEventListener : 32  Before navigating to 'https://www.crmpro.com'
2019-07-08 23:45:44.359 [INFO ] [main] WebEventListener : 37  Navigated to 'https://www.crmpro.com'
2019-07-08 23:46:04.364 [INFO ] [main] WebEventListener : 87  Trying to find Element By By.name: username
2019-07-08 23:46:04.407 [INFO ] [main] WebEventListener : 92  Found Element By By.name: username
2019-07-08 23:46:04.691 [INFO ] [main] WebEventListener : 87  Trying to find Element By By.name: password
2019-07-08 23:46:04.725 [INFO ] [main] WebEventListener : 92  Found Element By By.name: password
2019-07-08 23:46:04.879 [INFO ] [main] WebEventListener : 87  Trying to find Element By By.xpath: //input[@value='Login']
2019-07-08 23:46:04.910 [INFO ] [main] WebEventListener : 92  Found Element By By.xpath: //input[@value='Login']
2019-07-08 23:46:04.910 [INFO ] [main] WebEventListener : 52  Trying to click on [[ChromeDriver: chrome on XP (3e4201b90071f92b6d14da9ca0a19fc6)] -> xpath: //input[@value='Login']]
2019-07-08 23:46:12.794 [INFO ] [main] WebEventListener : 57  Clicked on [[ChromeDriver: chrome on XP (3e4201b90071f92b6d14da9ca0a19fc6)] -> xpath: //input[@value='Login']]
2019-07-08 23:46:27.915 [INFO ] [main] WebEventListener : 87  Trying to find Element By By.xpath: //a[@title='Contacts']
2019-07-08 23:46:27.949 [INFO ] [main] WebEventListener : 92  Found Element By By.xpath: //a[@title='Contacts']
2019-07-08 23:46:27.949 [INFO ] [main] WebEventListener : 52  Trying to click on [[ChromeDriver: chrome on XP (3e4201b90071f92b6d14da9ca0a19fc6)] -> xpath: //a[@title='Contacts']]
2019-07-08 23:46:30.431 [INFO ] [main] WebEventListener : 57  Clicked on [[ChromeDriver: chrome on XP (3e4201b90071f92b6d14da9ca0a19fc6)] -> xpath: //a[@title='Contacts']]
2019-07-08 23:46:45.437 [INFO ] [main] TestListener : 21  Test started selectSingleContactTest
2019-07-08 23:46:45.437 [INFO ] [main] WebEventListener : 87  Trying to find Element By By.xpath: //a[text()='Midhun Kannath']/../preceding-sibling::td
2019-07-08 23:46:45.493 [INFO ] [main] WebEventListener : 92  Found Element By By.xpath: //a[text()='Midhun Kannath']/../preceding-sibling::td
2019-07-08 23:46:45.497 [INFO ] [main] WebEventListener : 52  Trying to click on [[ChromeDriver: chrome on XP (3e4201b90071f92b6d14da9ca0a19fc6)] -> xpath: //a[text()='Midhun Kannath']/../preceding-sibling::td]
2019-07-08 23:46:45.650 [INFO ] [main] WebEventListener : 57  Clicked on [[ChromeDriver: chrome on XP (3e4201b90071f92b6d14da9ca0a19fc6)] -> xpath: //a[text()='Midhun Kannath']/../preceding-sibling::td]
2019-07-08 23:46:50.660 [INFO ] [main] TestListener : 27  Test passed selectSingleContactTest
2019-07-08 23:46:55.661 [INFO ] [main] WebEventListener : 32  Before navigating to 'https://www.crmpro.com'
2019-07-08 23:47:03.569 [INFO ] [main] WebEventListener : 37  Navigated to 'https://www.crmpro.com'
2019-07-08 23:47:23.572 [INFO ] [main] WebEventListener : 87  Trying to find Element By By.name: username
2019-07-08 23:47:23.679 [INFO ] [main] WebEventListener : 92  Found Element By By.name: username
2019-07-08 23:47:24.178 [INFO ] [main] WebEventListener : 87  Trying to find Element By By.name: password
2019-07-08 23:47:24.206 [INFO ] [main] WebEventListener : 92  Found Element By By.name: password
2019-07-08 23:47:24.365 [INFO ] [main] WebEventListener : 87  Trying to find Element By By.xpath: //input[@value='Login']
2019-07-08 23:47:24.396 [INFO ] [main] WebEventListener : 92  Found Element By By.xpath: //input[@value='Login']
2019-07-08 23:47:24.397 [INFO ] [main] WebEventListener : 52  Trying to click on [[ChromeDriver: chrome on XP (976d1e66fda88357dcb176602a53e3ff)] -> xpath: //input[@value='Login']]
2019-07-08 23:47:32.210 [INFO ] [main] WebEventListener : 57  Clicked on [[ChromeDriver: chrome on XP (976d1e66fda88357dcb176602a53e3ff)] -> xpath: //input[@value='Login']]
2019-07-08 23:47:47.412 [INFO ] [main] WebEventListener : 87  Trying to find Element By By.xpath: //a[@title='Contacts']
2019-07-08 23:47:47.519 [INFO ] [main] WebEventListener : 92  Found Element By By.xpath: //a[@title='Contacts']
2019-07-08 23:47:47.520 [INFO ] [main] WebEventListener : 52  Trying to click on [[ChromeDriver: chrome on XP (976d1e66fda88357dcb176602a53e3ff)] -> xpath: //a[@title='Contacts']]
2019-07-08 23:47:50.255 [INFO ] [main] WebEventListener : 57  Clicked on [[ChromeDriver: chrome on XP (976d1e66fda88357dcb176602a53e3ff)] -> xpath: //a[@title='Contacts']]
2019-07-08 23:48:05.260 [INFO ] [main] TestListener : 21  Test started selectMultipleContactsTest
2019-07-08 23:48:05.260 [INFO ] [main] WebEventListener : 87  Trying to find Element By By.xpath: //a[text()='Midhun Kannath']/../preceding-sibling::td
2019-07-08 23:48:05.292 [INFO ] [main] WebEventListener : 92  Found Element By By.xpath: //a[text()='Midhun Kannath']/../preceding-sibling::td
2019-07-08 23:48:05.292 [INFO ] [main] WebEventListener : 52  Trying to click on [[ChromeDriver: chrome on XP (976d1e66fda88357dcb176602a53e3ff)] -> xpath: //a[text()='Midhun Kannath']/../preceding-sibling::td]
2019-07-08 23:48:05.471 [INFO ] [main] WebEventListener : 57  Clicked on [[ChromeDriver: chrome on XP (976d1e66fda88357dcb176602a53e3ff)] -> xpath: //a[text()='Midhun Kannath']/../preceding-sibling::td]
2019-07-08 23:48:10.485 [INFO ] [main] WebEventListener : 87  Trying to find Element By By.xpath: //a[text()='Harisankar Pariyarath']/../preceding-sibling::td
2019-07-08 23:48:10.534 [INFO ] [main] WebEventListener : 92  Found Element By By.xpath: //a[text()='Harisankar Pariyarath']/../preceding-sibling::td
2019-07-08 23:48:10.534 [INFO ] [main] WebEventListener : 52  Trying to click on [[ChromeDriver: chrome on XP (976d1e66fda88357dcb176602a53e3ff)] -> xpath: //a[text()='Harisankar Pariyarath']/../preceding-sibling::td]
2019-07-08 23:48:10.705 [INFO ] [main] WebEventListener : 57  Clicked on [[ChromeDriver: chrome on XP (976d1e66fda88357dcb176602a53e3ff)] -> xpath: //a[text()='Harisankar Pariyarath']/../preceding-sibling::td]
2019-07-08 23:48:15.722 [INFO ] [main] TestListener : 27  Test passed selectMultipleContactsTest
2019-07-08 23:48:25.207 [INFO ] [main] WebEventListener : 32  Before navigating to 'https://www.crmpro.com'
2019-07-08 23:48:34.304 [INFO ] [main] WebEventListener : 37  Navigated to 'https://www.crmpro.com'
2019-07-08 23:48:54.312 [INFO ] [main] WebEventListener : 87  Trying to find Element By By.name: username
2019-07-08 23:48:54.400 [INFO ] [main] WebEventListener : 92  Found Element By By.name: username
2019-07-08 23:48:54.772 [INFO ] [main] WebEventListener : 87  Trying to find Element By By.name: password
2019-07-08 23:48:54.812 [INFO ] [main] WebEventListener : 92  Found Element By By.name: password
2019-07-08 23:48:54.954 [INFO ] [main] WebEventListener : 87  Trying to find Element By By.xpath: //input[@value='Login']
2019-07-08 23:48:54.994 [INFO ] [main] WebEventListener : 92  Found Element By By.xpath: //input[@value='Login']
2019-07-08 23:48:54.995 [INFO ] [main] WebEventListener : 52  Trying to click on [[ChromeDriver: chrome on XP (49e277e6ecb70a830b72747bd3b830d2)] -> xpath: //input[@value='Login']]
2019-07-08 23:49:04.417 [INFO ] [main] WebEventListener : 57  Clicked on [[ChromeDriver: chrome on XP (49e277e6ecb70a830b72747bd3b830d2)] -> xpath: //input[@value='Login']]
2019-07-08 23:49:19.594 [INFO ] [Forwarding actions on session 49e277e6ecb70a830b72747bd3b830d2 to remote] WebEventListener : 87  Trying to find Element By By.xpath: //a[@title='Contacts']
2019-07-08 23:49:19.643 [INFO ] [Forwarding actions on session 49e277e6ecb70a830b72747bd3b830d2 to remote] WebEventListener : 92  Found Element By By.xpath: //a[@title='Contacts']
2019-07-08 23:49:19.907 [INFO ] [main] WebEventListener : 87  Trying to find Element By By.linkText: New Contact
2019-07-08 23:49:19.977 [INFO ] [main] WebEventListener : 92  Found Element By By.linkText: New Contact
2019-07-08 23:49:19.978 [INFO ] [main] WebEventListener : 52  Trying to click on [[ChromeDriver: chrome on XP (49e277e6ecb70a830b72747bd3b830d2)] -> link text: New Contact]
2019-07-08 23:49:23.942 [INFO ] [main] WebEventListener : 57  Clicked on [[ChromeDriver: chrome on XP (49e277e6ecb70a830b72747bd3b830d2)] -> link text: New Contact]
2019-07-08 23:49:24.052 [INFO ] [main] TestListener : 21  Test started createNewContactTest
2019-07-08 23:49:24.056 [INFO ] [main] WebEventListener : 87  Trying to find Element By By.name: title
2019-07-08 23:49:24.094 [INFO ] [main] WebEventListener : 92  Found Element By By.name: title
2019-07-08 23:49:24.109 [INFO ] [main] WebEventListener : 87  Trying to find Element By By.name: title
2019-07-08 23:49:24.125 [INFO ] [main] WebEventListener : 92  Found Element By By.name: title
2019-07-08 23:49:24.154 [INFO ] [main] WebEventListener : 87  Trying to find Element By By.name: title
2019-07-08 23:49:24.181 [INFO ] [main] WebEventListener : 92  Found Element By By.name: title
2019-07-08 23:49:24.182 [INFO ] [main] WebEventListener : 87  Trying to find Element By By.xpath: .//option[normalize-space(.) = "Mr."]
2019-07-08 23:49:24.214 [INFO ] [main] WebEventListener : 92  Found Element By By.xpath: .//option[normalize-space(.) = "Mr."]
2019-07-08 23:49:24.333 [INFO ] [main] WebEventListener : 52  Trying to click on [[[[ChromeDriver: chrome on XP (49e277e6ecb70a830b72747bd3b830d2)] -> name: title]] -> xpath: .//option[normalize-space(.) = "Mr."]]
2019-07-08 23:49:24.461 [INFO ] [main] WebEventListener : 57  Clicked on [[[[ChromeDriver: chrome on XP (49e277e6ecb70a830b72747bd3b830d2)] -> name: title]] -> xpath: .//option[normalize-space(.) = "Mr."]]
2019-07-08 23:49:24.462 [INFO ] [main] WebEventListener : 87  Trying to find Element By By.id: first_name
2019-07-08 23:49:24.504 [INFO ] [main] WebEventListener : 92  Found Element By By.id: first_name
2019-07-08 23:49:24.776 [INFO ] [main] WebEventListener : 87  Trying to find Element By By.id: surname
2019-07-08 23:49:24.821 [INFO ] [main] WebEventListener : 92  Found Element By By.id: surname
2019-07-08 23:49:25.062 [INFO ] [main] WebEventListener : 87  Trying to find Element By By.name: client_lookup
2019-07-08 23:49:25.092 [INFO ] [main] WebEventListener : 92  Found Element By By.name: client_lookup
2019-07-08 23:49:25.239 [INFO ] [main] WebEventListener : 87  Trying to find Element By By.xpath: //input[@value='Save']
2019-07-08 23:49:25.264 [INFO ] [main] WebEventListener : 92  Found Element By By.xpath: //input[@value='Save']
2019-07-08 23:49:25.265 [INFO ] [main] WebEventListener : 52  Trying to click on [[ChromeDriver: chrome on XP (49e277e6ecb70a830b72747bd3b830d2)] -> xpath: //input[@value='Save']]
2019-07-08 23:49:28.309 [INFO ] [main] WebEventListener : 57  Clicked on [[ChromeDriver: chrome on XP (49e277e6ecb70a830b72747bd3b830d2)] -> xpath: //input[@value='Save']]
2019-07-08 23:49:28.311 [INFO ] [main] TestListener : 27  Test passed createNewContactTest
2019-07-08 23:49:33.111 [INFO ] [main] WebEventListener : 32  Before navigating to 'https://www.crmpro.com'
2019-07-08 23:49:43.810 [INFO ] [main] WebEventListener : 37  Navigated to 'https://www.crmpro.com'
2019-07-08 23:50:03.818 [INFO ] [main] WebEventListener : 87  Trying to find Element By By.name: username
2019-07-08 23:50:03.893 [INFO ] [main] WebEventListener : 92  Found Element By By.name: username
2019-07-08 23:50:04.272 [INFO ] [main] WebEventListener : 87  Trying to find Element By By.name: password
2019-07-08 23:50:04.306 [INFO ] [main] WebEventListener : 92  Found Element By By.name: password
2019-07-08 23:50:04.444 [INFO ] [main] WebEventListener : 87  Trying to find Element By By.xpath: //input[@value='Login']
2019-07-08 23:50:04.478 [INFO ] [main] WebEventListener : 92  Found Element By By.xpath: //input[@value='Login']
2019-07-08 23:50:04.479 [INFO ] [main] WebEventListener : 52  Trying to click on [[ChromeDriver: chrome on XP (6a95a80b034a1f13c049135c69705f4b)] -> xpath: //input[@value='Login']]
2019-07-08 23:50:13.243 [INFO ] [main] WebEventListener : 57  Clicked on [[ChromeDriver: chrome on XP (6a95a80b034a1f13c049135c69705f4b)] -> xpath: //input[@value='Login']]
2019-07-08 23:50:28.362 [INFO ] [Forwarding actions on session 6a95a80b034a1f13c049135c69705f4b to remote] WebEventListener : 87  Trying to find Element By By.xpath: //a[@title='Contacts']
2019-07-08 23:50:28.412 [INFO ] [Forwarding actions on session 6a95a80b034a1f13c049135c69705f4b to remote] WebEventListener : 92  Found Element By By.xpath: //a[@title='Contacts']
2019-07-08 23:50:28.606 [INFO ] [main] WebEventListener : 87  Trying to find Element By By.linkText: New Contact
2019-07-08 23:50:28.683 [INFO ] [main] WebEventListener : 92  Found Element By By.linkText: New Contact
2019-07-08 23:50:28.683 [INFO ] [main] WebEventListener : 52  Trying to click on [[ChromeDriver: chrome on XP (6a95a80b034a1f13c049135c69705f4b)] -> link text: New Contact]
2019-07-08 23:50:32.597 [INFO ] [main] WebEventListener : 57  Clicked on [[ChromeDriver: chrome on XP (6a95a80b034a1f13c049135c69705f4b)] -> link text: New Contact]
2019-07-08 23:50:32.598 [INFO ] [main] TestListener : 21  Test started createNewContactTest
2019-07-08 23:50:32.599 [INFO ] [main] WebEventListener : 87  Trying to find Element By By.name: title
2019-07-08 23:50:32.640 [INFO ] [main] WebEventListener : 92  Found Element By By.name: title
2019-07-08 23:50:32.649 [INFO ] [main] WebEventListener : 87  Trying to find Element By By.name: title
2019-07-08 23:50:32.665 [INFO ] [main] WebEventListener : 92  Found Element By By.name: title
2019-07-08 23:50:32.692 [INFO ] [main] WebEventListener : 87  Trying to find Element By By.name: title
2019-07-08 23:50:32.709 [INFO ] [main] WebEventListener : 92  Found Element By By.name: title
2019-07-08 23:50:32.709 [INFO ] [main] WebEventListener : 87  Trying to find Element By By.xpath: .//option[normalize-space(.) = "Dr."]
2019-07-08 23:50:32.750 [INFO ] [main] WebEventListener : 92  Found Element By By.xpath: .//option[normalize-space(.) = "Dr."]
2019-07-08 23:50:32.766 [INFO ] [main] WebEventListener : 52  Trying to click on [[[[ChromeDriver: chrome on XP (6a95a80b034a1f13c049135c69705f4b)] -> name: title]] -> xpath: .//option[normalize-space(.) = "Dr."]]
2019-07-08 23:50:32.828 [INFO ] [main] WebEventListener : 57  Clicked on [[[[ChromeDriver: chrome on XP (6a95a80b034a1f13c049135c69705f4b)] -> name: title]] -> xpath: .//option[normalize-space(.) = "Dr."]]
2019-07-08 23:50:32.828 [INFO ] [main] WebEventListener : 87  Trying to find Element By By.id: first_name
2019-07-08 23:50:32.848 [INFO ] [main] WebEventListener : 92  Found Element By By.id: first_name
2019-07-08 23:50:32.954 [INFO ] [main] WebEventListener : 87  Trying to find Element By By.id: surname
2019-07-08 23:50:32.973 [INFO ] [main] WebEventListener : 92  Found Element By By.id: surname
2019-07-08 23:50:33.067 [INFO ] [main] WebEventListener : 87  Trying to find Element By By.name: client_lookup
2019-07-08 23:50:33.086 [INFO ] [main] WebEventListener : 92  Found Element By By.name: client_lookup
2019-07-08 23:50:33.191 [INFO ] [main] WebEventListener : 87  Trying to find Element By By.xpath: //input[@value='Save']
2019-07-08 23:50:33.213 [INFO ] [main] WebEventListener : 92  Found Element By By.xpath: //input[@value='Save']
2019-07-08 23:50:33.214 [INFO ] [main] WebEventListener : 52  Trying to click on [[ChromeDriver: chrome on XP (6a95a80b034a1f13c049135c69705f4b)] -> xpath: //input[@value='Save']]
2019-07-08 23:50:35.815 [INFO ] [main] WebEventListener : 57  Clicked on [[ChromeDriver: chrome on XP (6a95a80b034a1f13c049135c69705f4b)] -> xpath: //input[@value='Save']]
2019-07-08 23:50:35.817 [INFO ] [main] TestListener : 27  Test passed createNewContactTest
2019-07-08 23:50:40.695 [INFO ] [main] WebEventListener : 32  Before navigating to 'https://www.crmpro.com'
2019-07-08 23:50:49.268 [INFO ] [main] WebEventListener : 37  Navigated to 'https://www.crmpro.com'
2019-07-08 23:51:09.274 [INFO ] [main] WebEventListener : 87  Trying to find Element By By.name: username
2019-07-08 23:51:09.353 [INFO ] [main] WebEventListener : 92  Found Element By By.name: username
2019-07-08 23:51:09.621 [INFO ] [main] WebEventListener : 87  Trying to find Element By By.name: password
2019-07-08 23:51:09.658 [INFO ] [main] WebEventListener : 92  Found Element By By.name: password
2019-07-08 23:51:09.823 [INFO ] [main] WebEventListener : 87  Trying to find Element By By.xpath: //input[@value='Login']
2019-07-08 23:51:09.856 [INFO ] [main] WebEventListener : 92  Found Element By By.xpath: //input[@value='Login']
2019-07-08 23:51:09.856 [INFO ] [main] WebEventListener : 52  Trying to click on [[ChromeDriver: chrome on XP (58e414160cb7d3352429539d2c97e68c)] -> xpath: //input[@value='Login']]
2019-07-08 23:51:17.019 [INFO ] [main] WebEventListener : 57  Clicked on [[ChromeDriver: chrome on XP (58e414160cb7d3352429539d2c97e68c)] -> xpath: //input[@value='Login']]
2019-07-08 23:51:32.108 [INFO ] [Forwarding actions on session 58e414160cb7d3352429539d2c97e68c to remote] WebEventListener : 87  Trying to find Element By By.xpath: //a[@title='Contacts']
2019-07-08 23:51:32.147 [INFO ] [Forwarding actions on session 58e414160cb7d3352429539d2c97e68c to remote] WebEventListener : 92  Found Element By By.xpath: //a[@title='Contacts']
2019-07-08 23:51:32.338 [INFO ] [main] WebEventListener : 87  Trying to find Element By By.linkText: New Contact
2019-07-08 23:51:32.397 [INFO ] [main] WebEventListener : 92  Found Element By By.linkText: New Contact
2019-07-08 23:51:32.397 [INFO ] [main] WebEventListener : 52  Trying to click on [[ChromeDriver: chrome on XP (58e414160cb7d3352429539d2c97e68c)] -> link text: New Contact]
2019-07-08 23:51:35.373 [INFO ] [main] WebEventListener : 57  Clicked on [[ChromeDriver: chrome on XP (58e414160cb7d3352429539d2c97e68c)] -> link text: New Contact]
2019-07-08 23:51:35.376 [INFO ] [main] TestListener : 21  Test started createNewContactTest
2019-07-08 23:51:35.377 [INFO ] [main] WebEventListener : 87  Trying to find Element By By.name: title
2019-07-08 23:51:35.422 [INFO ] [main] WebEventListener : 92  Found Element By By.name: title
2019-07-08 23:51:35.437 [INFO ] [main] WebEventListener : 87  Trying to find Element By By.name: title
2019-07-08 23:51:35.478 [INFO ] [main] WebEventListener : 92  Found Element By By.name: title
2019-07-08 23:51:35.518 [INFO ] [main] WebEventListener : 87  Trying to find Element By By.name: title
2019-07-08 23:51:35.548 [INFO ] [main] WebEventListener : 92  Found Element By By.name: title
2019-07-08 23:51:35.548 [INFO ] [main] WebEventListener : 87  Trying to find Element By By.xpath: .//option[normalize-space(.) = "Mrs."]
2019-07-08 23:51:35.599 [INFO ] [main] WebEventListener : 92  Found Element By By.xpath: .//option[normalize-space(.) = "Mrs."]
2019-07-08 23:51:35.629 [INFO ] [main] WebEventListener : 52  Trying to click on [[[[ChromeDriver: chrome on XP (58e414160cb7d3352429539d2c97e68c)] -> name: title]] -> xpath: .//option[normalize-space(.) = "Mrs."]]
2019-07-08 23:51:35.743 [INFO ] [main] WebEventListener : 57  Clicked on [[[[ChromeDriver: chrome on XP (58e414160cb7d3352429539d2c97e68c)] -> name: title]] -> xpath: .//option[normalize-space(.) = "Mrs."]]
2019-07-08 23:51:35.743 [INFO ] [main] WebEventListener : 87  Trying to find Element By By.id: first_name
2019-07-08 23:51:35.787 [INFO ] [main] WebEventListener : 92  Found Element By By.id: first_name
2019-07-08 23:51:36.009 [INFO ] [main] WebEventListener : 87  Trying to find Element By By.id: surname
2019-07-08 23:51:36.027 [INFO ] [main] WebEventListener : 92  Found Element By By.id: surname
2019-07-08 23:51:36.115 [INFO ] [main] WebEventListener : 87  Trying to find Element By By.name: client_lookup
2019-07-08 23:51:36.134 [INFO ] [main] WebEventListener : 92  Found Element By By.name: client_lookup
2019-07-08 23:51:36.219 [INFO ] [main] WebEventListener : 87  Trying to find Element By By.xpath: //input[@value='Save']
2019-07-08 23:51:36.240 [INFO ] [main] WebEventListener : 92  Found Element By By.xpath: //input[@value='Save']
2019-07-08 23:51:36.241 [INFO ] [main] WebEventListener : 52  Trying to click on [[ChromeDriver: chrome on XP (58e414160cb7d3352429539d2c97e68c)] -> xpath: //input[@value='Save']]
2019-07-08 23:51:38.310 [INFO ] [main] WebEventListener : 57  Clicked on [[ChromeDriver: chrome on XP (58e414160cb7d3352429539d2c97e68c)] -> xpath: //input[@value='Save']]
2019-07-08 23:51:38.311 [INFO ] [main] TestListener : 27  Test passed createNewContactTest
2019-07-08 23:51:39.493 [INFO ] [main] TestListener : 59  Test finished CRMPRO Application Regression Test Cases
