2019-07-08 21:38:01.185 [INFO ] [main] TestListener : 53  Test started CRMPRO Application Regression Test Cases
2019-07-08 21:38:06.332 [INFO ] [main] WebEventListener : 32  Before navigating to 'https://www.crmpro.com'
2019-07-08 21:38:14.878 [INFO ] [main] WebEventListener : 37  Navigated to 'https://www.crmpro.com'
2019-07-08 21:38:35.052 [INFO ] [main] TestListener : 21  Test started validateLoginPageTitleTest
2019-07-08 21:38:35.093 [ERROR] [main] TestListener : 33  Test failed validateLoginPageTitleTest
java.lang.AssertionError: expected [CRMPRO  - CRM software for customer relationship management, sales, and support.] but found [CRM says…]
	at org.testng.Assert.fail(Assert.java:96) ~[testng-6.14.3.jar:?]
	at org.testng.Assert.failNotEquals(Assert.java:776) ~[testng-6.14.3.jar:?]
	at org.testng.Assert.assertEqualsImpl(Assert.java:137) ~[testng-6.14.3.jar:?]
	at org.testng.Assert.assertEquals(Assert.java:118) ~[testng-6.14.3.jar:?]
	at org.testng.Assert.assertEquals(Assert.java:453) ~[testng-6.14.3.jar:?]
	at org.testng.Assert.assertEquals(Assert.java:463) ~[testng-6.14.3.jar:?]
	at com.midhun.crmpro.tests.LoginPageTest.validateLoginPageTitleTest(LoginPageTest.java:25) ~[test-classes/:?]
	at jdk.internal.reflect.NativeMethodAccessorImpl.invoke0(Native Method) ~[?:?]
	at jdk.internal.reflect.NativeMethodAccessorImpl.invoke(NativeMethodAccessorImpl.java:62) ~[?:?]
	at jdk.internal.reflect.DelegatingMethodAccessorImpl.invoke(DelegatingMethodAccessorImpl.java:43) ~[?:?]
	at java.lang.reflect.Method.invoke(Method.java:566) ~[?:?]
	at org.testng.internal.MethodInvocationHelper.invokeMethod(MethodInvocationHelper.java:124) ~[testng-6.14.3.jar:?]
	at org.testng.internal.Invoker.invokeMethod(Invoker.java:583) [testng-6.14.3.jar:?]
	at org.testng.internal.Invoker.invokeTestMethod(Invoker.java:719) [testng-6.14.3.jar:?]
	at org.testng.internal.Invoker.invokeTestMethods(Invoker.java:989) [testng-6.14.3.jar:?]
	at org.testng.internal.TestMethodWorker.invokeTestMethods(TestMethodWorker.java:125) [testng-6.14.3.jar:?]
	at org.testng.internal.TestMethodWorker.run(TestMethodWorker.java:109) [testng-6.14.3.jar:?]
	at org.testng.TestRunner.privateRun(TestRunner.java:648) [testng-6.14.3.jar:?]
	at org.testng.TestRunner.run(TestRunner.java:505) [testng-6.14.3.jar:?]
	at org.testng.SuiteRunner.runTest(SuiteRunner.java:455) [testng-6.14.3.jar:?]
	at org.testng.SuiteRunner.runSequentially(SuiteRunner.java:450) [testng-6.14.3.jar:?]
	at org.testng.SuiteRunner.privateRun(SuiteRunner.java:415) [testng-6.14.3.jar:?]
	at org.testng.SuiteRunner.run(SuiteRunner.java:364) [testng-6.14.3.jar:?]
	at org.testng.SuiteRunnerWorker.runSuite(SuiteRunnerWorker.java:52) [testng-6.14.3.jar:?]
	at org.testng.SuiteRunnerWorker.run(SuiteRunnerWorker.java:84) [testng-6.14.3.jar:?]
	at org.testng.TestNG.runSuitesSequentially(TestNG.java:1208) [testng-6.14.3.jar:?]
	at org.testng.TestNG.runSuitesLocally(TestNG.java:1137) [testng-6.14.3.jar:?]
	at org.testng.TestNG.runSuites(TestNG.java:1049) [testng-6.14.3.jar:?]
	at org.testng.TestNG.run(TestNG.java:1017) [testng-6.14.3.jar:?]
	at org.testng.remote.AbstractRemoteTestNG.run(AbstractRemoteTestNG.java:115) [testng-remote.jar:?]
	at org.testng.remote.RemoteTestNG.initAndRun(RemoteTestNG.java:251) [testng-remote.jar:?]
	at org.testng.remote.RemoteTestNG.main(RemoteTestNG.java:77) [testng-remote.jar:?]
2019-07-08 21:38:41.435 [INFO ] [main] WebEventListener : 32  Before navigating to 'https://www.crmpro.com'
2019-07-08 21:38:48.970 [INFO ] [main] WebEventListener : 37  Navigated to 'https://www.crmpro.com'
2019-07-08 21:39:08.989 [INFO ] [main] TestListener : 21  Test started crmproLogoTest
2019-07-08 21:39:08.999 [INFO ] [main] WebEventListener : 87  Trying to find Element By By.xpath: //img[@src='https://d3lh3kd7bj2evy.cloudfront.net/img/logo.png']
2019-07-08 21:39:09.064 [INFO ] [main] WebEventListener : 92  Found Element By By.xpath: //img[@src='https://d3lh3kd7bj2evy.cloudfront.net/img/logo.png']
2019-07-08 21:39:09.173 [INFO ] [main] TestListener : 27  Test passed crmproLogoTest
2019-07-08 21:39:13.784 [INFO ] [main] WebEventListener : 32  Before navigating to 'https://www.crmpro.com'
2019-07-08 21:39:21.649 [INFO ] [main] WebEventListener : 37  Navigated to 'https://www.crmpro.com'
2019-07-08 21:39:41.659 [INFO ] [main] TestListener : 21  Test started loginTest
2019-07-08 21:39:41.667 [INFO ] [main] WebEventListener : 87  Trying to find Element By By.name: username
2019-07-08 21:39:41.742 [INFO ] [main] WebEventListener : 92  Found Element By By.name: username
2019-07-08 21:39:42.037 [INFO ] [main] WebEventListener : 87  Trying to find Element By By.name: password
2019-07-08 21:39:42.060 [INFO ] [main] WebEventListener : 92  Found Element By By.name: password
2019-07-08 21:39:42.191 [INFO ] [main] WebEventListener : 87  Trying to find Element By By.xpath: //input[@value='Login']
2019-07-08 21:39:42.220 [INFO ] [main] WebEventListener : 92  Found Element By By.xpath: //input[@value='Login']
2019-07-08 21:39:42.223 [INFO ] [main] WebEventListener : 52  Trying to click on [[ChromeDriver: chrome on XP (d1622414fd28d0932226169b5c03d985)] -> xpath: //input[@value='Login']]
2019-07-08 21:39:52.388 [INFO ] [main] WebEventListener : 57  Clicked on [[ChromeDriver: chrome on XP (d1622414fd28d0932226169b5c03d985)] -> xpath: //input[@value='Login']]
2019-07-08 21:40:07.402 [INFO ] [main] TestListener : 27  Test passed loginTest
2019-07-08 21:40:12.097 [INFO ] [main] WebEventListener : 32  Before navigating to 'https://www.crmpro.com'
2019-07-08 21:40:20.358 [INFO ] [main] WebEventListener : 37  Navigated to 'https://www.crmpro.com'
2019-07-08 21:40:40.367 [INFO ] [main] WebEventListener : 87  Trying to find Element By By.name: username
2019-07-08 21:40:40.471 [INFO ] [main] WebEventListener : 92  Found Element By By.name: username
2019-07-08 21:40:40.745 [INFO ] [main] WebEventListener : 87  Trying to find Element By By.name: password
2019-07-08 21:40:40.769 [INFO ] [main] WebEventListener : 92  Found Element By By.name: password
2019-07-08 21:40:40.878 [INFO ] [main] WebEventListener : 87  Trying to find Element By By.xpath: //input[@value='Login']
2019-07-08 21:40:40.902 [INFO ] [main] WebEventListener : 92  Found Element By By.xpath: //input[@value='Login']
2019-07-08 21:40:40.903 [INFO ] [main] WebEventListener : 52  Trying to click on [[ChromeDriver: chrome on XP (61efb858358af0d29445bea5ca03b594)] -> xpath: //input[@value='Login']]
2019-07-08 21:40:48.350 [INFO ] [main] WebEventListener : 57  Clicked on [[ChromeDriver: chrome on XP (61efb858358af0d29445bea5ca03b594)] -> xpath: //input[@value='Login']]
2019-07-08 21:41:03.366 [INFO ] [main] TestListener : 21  Test started validateHomePageTitleTest
2019-07-08 21:41:03.386 [INFO ] [main] TestListener : 27  Test passed validateHomePageTitleTest
2019-07-08 21:41:07.985 [INFO ] [main] WebEventListener : 32  Before navigating to 'https://www.crmpro.com'
2019-07-08 21:41:17.090 [INFO ] [main] WebEventListener : 37  Navigated to 'https://www.crmpro.com'
2019-07-08 21:41:37.097 [INFO ] [main] WebEventListener : 87  Trying to find Element By By.name: username
2019-07-08 21:41:37.194 [INFO ] [main] WebEventListener : 92  Found Element By By.name: username
2019-07-08 21:41:37.519 [INFO ] [main] WebEventListener : 87  Trying to find Element By By.name: password
2019-07-08 21:41:37.541 [INFO ] [main] WebEventListener : 92  Found Element By By.name: password
2019-07-08 21:41:37.671 [INFO ] [main] WebEventListener : 87  Trying to find Element By By.xpath: //input[@value='Login']
2019-07-08 21:41:37.700 [INFO ] [main] WebEventListener : 92  Found Element By By.xpath: //input[@value='Login']
2019-07-08 21:41:37.701 [INFO ] [main] WebEventListener : 52  Trying to click on [[ChromeDriver: chrome on XP (7dca42e8b48dacf245a92d2b176badf5)] -> xpath: //input[@value='Login']]
2019-07-08 21:41:47.654 [INFO ] [main] WebEventListener : 57  Clicked on [[ChromeDriver: chrome on XP (7dca42e8b48dacf245a92d2b176badf5)] -> xpath: //input[@value='Login']]
2019-07-08 21:42:02.661 [INFO ] [main] TestListener : 21  Test started validateLoggedInUserNameTest
2019-07-08 21:42:02.804 [INFO ] [main] WebEventListener : 87  Trying to find Element By By.xpath: //td[contains(text(), 'User: Midhun Kannath')]
2019-07-08 21:42:02.843 [INFO ] [main] WebEventListener : 92  Found Element By By.xpath: //td[contains(text(), 'User: Midhun Kannath')]
2019-07-08 21:42:02.893 [INFO ] [main] TestListener : 27  Test passed validateLoggedInUserNameTest
2019-07-08 21:42:07.461 [INFO ] [main] WebEventListener : 32  Before navigating to 'https://www.crmpro.com'
2019-07-08 21:42:15.624 [INFO ] [main] WebEventListener : 37  Navigated to 'https://www.crmpro.com'
2019-07-08 21:42:35.629 [INFO ] [main] WebEventListener : 87  Trying to find Element By By.name: username
2019-07-08 21:42:35.718 [INFO ] [main] WebEventListener : 92  Found Element By By.name: username
2019-07-08 21:42:36.014 [INFO ] [main] WebEventListener : 87  Trying to find Element By By.name: password
2019-07-08 21:42:36.038 [INFO ] [main] WebEventListener : 92  Found Element By By.name: password
2019-07-08 21:42:36.152 [INFO ] [main] WebEventListener : 87  Trying to find Element By By.xpath: //input[@value='Login']
2019-07-08 21:42:36.174 [INFO ] [main] WebEventListener : 92  Found Element By By.xpath: //input[@value='Login']
2019-07-08 21:42:36.174 [INFO ] [main] WebEventListener : 52  Trying to click on [[ChromeDriver: chrome on XP (eb23bb7cdcf194a328b246eb3c1d0cfd)] -> xpath: //input[@value='Login']]
2019-07-08 21:42:44.509 [INFO ] [main] WebEventListener : 57  Clicked on [[ChromeDriver: chrome on XP (eb23bb7cdcf194a328b246eb3c1d0cfd)] -> xpath: //input[@value='Login']]
2019-07-08 21:42:59.511 [INFO ] [main] TestListener : 21  Test started validateContactsLink
2019-07-08 21:42:59.620 [INFO ] [main] WebEventListener : 87  Trying to find Element By By.xpath: //a[@title='Contacts']
2019-07-08 21:42:59.660 [INFO ] [main] WebEventListener : 92  Found Element By By.xpath: //a[@title='Contacts']
2019-07-08 21:42:59.661 [INFO ] [main] WebEventListener : 52  Trying to click on [[ChromeDriver: chrome on XP (eb23bb7cdcf194a328b246eb3c1d0cfd)] -> xpath: //a[@title='Contacts']]
2019-07-08 21:43:06.015 [INFO ] [main] WebEventListener : 57  Clicked on [[ChromeDriver: chrome on XP (eb23bb7cdcf194a328b246eb3c1d0cfd)] -> xpath: //a[@title='Contacts']]
2019-07-08 21:43:21.020 [INFO ] [main] TestListener : 27  Test passed validateContactsLink
2019-07-08 21:43:25.554 [INFO ] [main] WebEventListener : 32  Before navigating to 'https://www.crmpro.com'
2019-07-08 21:43:35.165 [INFO ] [main] WebEventListener : 37  Navigated to 'https://www.crmpro.com'
2019-07-08 21:43:55.171 [INFO ] [main] WebEventListener : 87  Trying to find Element By By.name: username
2019-07-08 21:43:55.274 [INFO ] [main] WebEventListener : 92  Found Element By By.name: username
2019-07-08 21:43:55.578 [INFO ] [main] WebEventListener : 87  Trying to find Element By By.name: password
2019-07-08 21:43:55.600 [INFO ] [main] WebEventListener : 92  Found Element By By.name: password
2019-07-08 21:43:55.731 [INFO ] [main] WebEventListener : 87  Trying to find Element By By.xpath: //input[@value='Login']
2019-07-08 21:43:55.751 [INFO ] [main] WebEventListener : 92  Found Element By By.xpath: //input[@value='Login']
2019-07-08 21:43:55.751 [INFO ] [main] WebEventListener : 52  Trying to click on [[ChromeDriver: chrome on XP (685891323b831be52b7d69b034315e36)] -> xpath: //input[@value='Login']]
2019-07-08 21:44:03.065 [INFO ] [main] WebEventListener : 57  Clicked on [[ChromeDriver: chrome on XP (685891323b831be52b7d69b034315e36)] -> xpath: //input[@value='Login']]
2019-07-08 21:44:18.187 [INFO ] [main] WebEventListener : 87  Trying to find Element By By.xpath: //a[@title='Contacts']
2019-07-08 21:44:18.212 [INFO ] [main] WebEventListener : 92  Found Element By By.xpath: //a[@title='Contacts']
2019-07-08 21:44:18.212 [INFO ] [main] WebEventListener : 52  Trying to click on [[ChromeDriver: chrome on XP (685891323b831be52b7d69b034315e36)] -> xpath: //a[@title='Contacts']]
2019-07-08 21:44:26.980 [INFO ] [main] WebEventListener : 57  Clicked on [[ChromeDriver: chrome on XP (685891323b831be52b7d69b034315e36)] -> xpath: //a[@title='Contacts']]
2019-07-08 21:44:41.999 [INFO ] [main] TestListener : 21  Test started validateContactsLabelTest
2019-07-08 21:44:41.999 [INFO ] [main] WebEventListener : 87  Trying to find Element By By.xpath: //td[contains(text(), 'Contacts')]
2019-07-08 21:44:42.060 [INFO ] [main] WebEventListener : 92  Found Element By By.xpath: //td[contains(text(), 'Contacts')]
2019-07-08 21:44:42.122 [INFO ] [main] TestListener : 27  Test passed validateContactsLabelTest
2019-07-08 21:44:46.999 [INFO ] [main] WebEventListener : 32  Before navigating to 'https://www.crmpro.com'
2019-07-08 21:44:57.298 [INFO ] [main] WebEventListener : 37  Navigated to 'https://www.crmpro.com'
2019-07-08 21:45:17.299 [INFO ] [main] WebEventListener : 87  Trying to find Element By By.name: username
2019-07-08 21:45:17.375 [INFO ] [main] WebEventListener : 92  Found Element By By.name: username
2019-07-08 21:45:17.634 [INFO ] [main] WebEventListener : 87  Trying to find Element By By.name: password
2019-07-08 21:45:17.659 [INFO ] [main] WebEventListener : 92  Found Element By By.name: password
2019-07-08 21:45:17.795 [INFO ] [main] WebEventListener : 87  Trying to find Element By By.xpath: //input[@value='Login']
2019-07-08 21:45:17.822 [INFO ] [main] WebEventListener : 92  Found Element By By.xpath: //input[@value='Login']
2019-07-08 21:45:17.823 [INFO ] [main] WebEventListener : 52  Trying to click on [[ChromeDriver: chrome on XP (6b84e9911b5e0c3f1c4ac2dfc320ca77)] -> xpath: //input[@value='Login']]
2019-07-08 21:45:26.700 [INFO ] [main] WebEventListener : 57  Clicked on [[ChromeDriver: chrome on XP (6b84e9911b5e0c3f1c4ac2dfc320ca77)] -> xpath: //input[@value='Login']]
2019-07-08 21:45:41.813 [INFO ] [main] WebEventListener : 87  Trying to find Element By By.xpath: //a[@title='Contacts']
2019-07-08 21:45:41.876 [INFO ] [main] WebEventListener : 92  Found Element By By.xpath: //a[@title='Contacts']
2019-07-08 21:45:41.876 [INFO ] [main] WebEventListener : 52  Trying to click on [[ChromeDriver: chrome on XP (6b84e9911b5e0c3f1c4ac2dfc320ca77)] -> xpath: //a[@title='Contacts']]
2019-07-08 21:45:53.732 [INFO ] [main] WebEventListener : 57  Clicked on [[ChromeDriver: chrome on XP (6b84e9911b5e0c3f1c4ac2dfc320ca77)] -> xpath: //a[@title='Contacts']]
2019-07-08 21:46:08.734 [INFO ] [main] TestListener : 21  Test started selectSingleContactTest
2019-07-08 21:46:08.737 [INFO ] [main] WebEventListener : 87  Trying to find Element By By.xpath: //a[text()='Midhun Kannath']/../preceding-sibling::td
2019-07-08 21:46:08.793 [INFO ] [main] WebEventListener : 92  Found Element By By.xpath: //a[text()='Midhun Kannath']/../preceding-sibling::td
2019-07-08 21:46:08.794 [INFO ] [main] WebEventListener : 52  Trying to click on [[ChromeDriver: chrome on XP (6b84e9911b5e0c3f1c4ac2dfc320ca77)] -> xpath: //a[text()='Midhun Kannath']/../preceding-sibling::td]
2019-07-08 21:46:08.965 [INFO ] [main] WebEventListener : 57  Clicked on [[ChromeDriver: chrome on XP (6b84e9911b5e0c3f1c4ac2dfc320ca77)] -> xpath: //a[text()='Midhun Kannath']/../preceding-sibling::td]
2019-07-08 21:46:13.985 [INFO ] [main] TestListener : 27  Test passed selectSingleContactTest
2019-07-08 21:46:18.785 [INFO ] [main] WebEventListener : 32  Before navigating to 'https://www.crmpro.com'
2019-07-08 21:46:27.003 [INFO ] [main] WebEventListener : 37  Navigated to 'https://www.crmpro.com'
2019-07-08 21:46:47.007 [INFO ] [main] WebEventListener : 87  Trying to find Element By By.name: username
2019-07-08 21:46:47.079 [INFO ] [main] WebEventListener : 92  Found Element By By.name: username
2019-07-08 21:46:47.343 [INFO ] [main] WebEventListener : 87  Trying to find Element By By.name: password
2019-07-08 21:46:47.364 [INFO ] [main] WebEventListener : 92  Found Element By By.name: password
2019-07-08 21:46:47.473 [INFO ] [main] WebEventListener : 87  Trying to find Element By By.xpath: //input[@value='Login']
2019-07-08 21:46:47.501 [INFO ] [main] WebEventListener : 92  Found Element By By.xpath: //input[@value='Login']
2019-07-08 21:46:47.502 [INFO ] [main] WebEventListener : 52  Trying to click on [[ChromeDriver: chrome on XP (bda0ec0e763034f3d6974793765762e8)] -> xpath: //input[@value='Login']]
2019-07-08 21:47:00.210 [INFO ] [main] WebEventListener : 57  Clicked on [[ChromeDriver: chrome on XP (bda0ec0e763034f3d6974793765762e8)] -> xpath: //input[@value='Login']]
2019-07-08 21:47:15.332 [INFO ] [main] WebEventListener : 87  Trying to find Element By By.xpath: //a[@title='Contacts']
2019-07-08 21:47:15.363 [INFO ] [main] WebEventListener : 92  Found Element By By.xpath: //a[@title='Contacts']
2019-07-08 21:47:15.364 [INFO ] [main] WebEventListener : 52  Trying to click on [[ChromeDriver: chrome on XP (bda0ec0e763034f3d6974793765762e8)] -> xpath: //a[@title='Contacts']]
2019-07-08 21:47:19.186 [INFO ] [main] WebEventListener : 57  Clicked on [[ChromeDriver: chrome on XP (bda0ec0e763034f3d6974793765762e8)] -> xpath: //a[@title='Contacts']]
2019-07-08 21:47:34.203 [INFO ] [main] TestListener : 21  Test started selectMultipleContactsTest
2019-07-08 21:47:34.203 [INFO ] [main] WebEventListener : 87  Trying to find Element By By.xpath: //a[text()='Midhun Kannath']/../preceding-sibling::td
2019-07-08 21:47:34.273 [INFO ] [main] WebEventListener : 92  Found Element By By.xpath: //a[text()='Midhun Kannath']/../preceding-sibling::td
2019-07-08 21:47:34.274 [INFO ] [main] WebEventListener : 52  Trying to click on [[ChromeDriver: chrome on XP (bda0ec0e763034f3d6974793765762e8)] -> xpath: //a[text()='Midhun Kannath']/../preceding-sibling::td]
2019-07-08 21:47:34.459 [INFO ] [main] WebEventListener : 57  Clicked on [[ChromeDriver: chrome on XP (bda0ec0e763034f3d6974793765762e8)] -> xpath: //a[text()='Midhun Kannath']/../preceding-sibling::td]
2019-07-08 21:47:39.469 [INFO ] [main] WebEventListener : 87  Trying to find Element By By.xpath: //a[text()='Harisankar Pariyarath']/../preceding-sibling::td
2019-07-08 21:47:39.520 [INFO ] [main] WebEventListener : 92  Found Element By By.xpath: //a[text()='Harisankar Pariyarath']/../preceding-sibling::td
2019-07-08 21:47:39.521 [INFO ] [main] WebEventListener : 52  Trying to click on [[ChromeDriver: chrome on XP (bda0ec0e763034f3d6974793765762e8)] -> xpath: //a[text()='Harisankar Pariyarath']/../preceding-sibling::td]
2019-07-08 21:47:39.689 [INFO ] [main] WebEventListener : 57  Clicked on [[ChromeDriver: chrome on XP (bda0ec0e763034f3d6974793765762e8)] -> xpath: //a[text()='Harisankar Pariyarath']/../preceding-sibling::td]
2019-07-08 21:47:44.702 [INFO ] [main] TestListener : 27  Test passed selectMultipleContactsTest
2019-07-08 21:47:50.229 [INFO ] [main] WebEventListener : 32  Before navigating to 'https://www.crmpro.com'
2019-07-08 21:48:02.619 [INFO ] [main] WebEventListener : 37  Navigated to 'https://www.crmpro.com'
2019-07-08 21:48:22.626 [INFO ] [main] WebEventListener : 87  Trying to find Element By By.name: username
2019-07-08 21:48:22.710 [INFO ] [main] WebEventListener : 92  Found Element By By.name: username
2019-07-08 21:48:23.127 [INFO ] [main] WebEventListener : 87  Trying to find Element By By.name: password
2019-07-08 21:48:23.154 [INFO ] [main] WebEventListener : 92  Found Element By By.name: password
2019-07-08 21:48:23.294 [INFO ] [main] WebEventListener : 87  Trying to find Element By By.xpath: //input[@value='Login']
2019-07-08 21:48:23.318 [INFO ] [main] WebEventListener : 92  Found Element By By.xpath: //input[@value='Login']
2019-07-08 21:48:23.318 [INFO ] [main] WebEventListener : 52  Trying to click on [[ChromeDriver: chrome on XP (8c4c713e72216f36810ce4b0d2b0b16a)] -> xpath: //input[@value='Login']]
2019-07-08 21:48:32.636 [INFO ] [main] WebEventListener : 57  Clicked on [[ChromeDriver: chrome on XP (8c4c713e72216f36810ce4b0d2b0b16a)] -> xpath: //input[@value='Login']]
2019-07-08 21:48:47.771 [INFO ] [Forwarding actions on session 8c4c713e72216f36810ce4b0d2b0b16a to remote] WebEventListener : 87  Trying to find Element By By.xpath: //a[@title='Contacts']
2019-07-08 21:48:47.824 [INFO ] [Forwarding actions on session 8c4c713e72216f36810ce4b0d2b0b16a to remote] WebEventListener : 92  Found Element By By.xpath: //a[@title='Contacts']
2019-07-08 21:48:48.069 [INFO ] [main] WebEventListener : 87  Trying to find Element By By.linkText: New Contact
2019-07-08 21:48:48.145 [INFO ] [main] WebEventListener : 92  Found Element By By.linkText: New Contact
2019-07-08 21:48:48.145 [INFO ] [main] WebEventListener : 52  Trying to click on [[ChromeDriver: chrome on XP (8c4c713e72216f36810ce4b0d2b0b16a)] -> link text: New Contact]
2019-07-08 21:48:51.991 [INFO ] [main] WebEventListener : 57  Clicked on [[ChromeDriver: chrome on XP (8c4c713e72216f36810ce4b0d2b0b16a)] -> link text: New Contact]
2019-07-08 21:48:51.998 [INFO ] [main] TestListener : 21  Test started createNewContactTest
2019-07-08 21:48:52.002 [INFO ] [main] WebEventListener : 87  Trying to find Element By By.name: title
2019-07-08 21:48:52.029 [INFO ] [main] WebEventListener : 92  Found Element By By.name: title
2019-07-08 21:48:52.038 [INFO ] [main] WebEventListener : 87  Trying to find Element By By.name: title
2019-07-08 21:48:52.069 [INFO ] [main] WebEventListener : 92  Found Element By By.name: title
2019-07-08 21:48:52.108 [INFO ] [main] WebEventListener : 87  Trying to find Element By By.name: title
2019-07-08 21:48:52.134 [INFO ] [main] WebEventListener : 92  Found Element By By.name: title
2019-07-08 21:48:52.134 [INFO ] [main] WebEventListener : 87  Trying to find Element By By.xpath: .//option[normalize-space(.) = "Mr."]
2019-07-08 21:48:52.157 [INFO ] [main] WebEventListener : 92  Found Element By By.xpath: .//option[normalize-space(.) = "Mr."]
2019-07-08 21:48:52.172 [INFO ] [main] WebEventListener : 52  Trying to click on [[[[ChromeDriver: chrome on XP (8c4c713e72216f36810ce4b0d2b0b16a)] -> name: title]] -> xpath: .//option[normalize-space(.) = "Mr."]]
2019-07-08 21:48:52.231 [INFO ] [main] WebEventListener : 57  Clicked on [[[[ChromeDriver: chrome on XP (8c4c713e72216f36810ce4b0d2b0b16a)] -> name: title]] -> xpath: .//option[normalize-space(.) = "Mr."]]
2019-07-08 21:48:52.232 [INFO ] [main] WebEventListener : 87  Trying to find Element By By.id: first_name
2019-07-08 21:48:52.251 [INFO ] [main] WebEventListener : 92  Found Element By By.id: first_name
2019-07-08 21:48:52.355 [INFO ] [main] WebEventListener : 87  Trying to find Element By By.id: surname
2019-07-08 21:48:52.375 [INFO ] [main] WebEventListener : 92  Found Element By By.id: surname
2019-07-08 21:48:52.470 [INFO ] [main] WebEventListener : 87  Trying to find Element By By.name: client_lookup
2019-07-08 21:48:52.489 [INFO ] [main] WebEventListener : 92  Found Element By By.name: client_lookup
2019-07-08 21:48:52.602 [INFO ] [main] WebEventListener : 87  Trying to find Element By By.xpath: //input[@value='Save']
2019-07-08 21:48:52.625 [INFO ] [main] WebEventListener : 92  Found Element By By.xpath: //input[@value='Save']
2019-07-08 21:48:52.625 [INFO ] [main] WebEventListener : 52  Trying to click on [[ChromeDriver: chrome on XP (8c4c713e72216f36810ce4b0d2b0b16a)] -> xpath: //input[@value='Save']]
2019-07-08 21:48:56.162 [INFO ] [main] WebEventListener : 57  Clicked on [[ChromeDriver: chrome on XP (8c4c713e72216f36810ce4b0d2b0b16a)] -> xpath: //input[@value='Save']]
2019-07-08 21:48:56.166 [INFO ] [main] TestListener : 27  Test passed createNewContactTest
2019-07-08 21:49:00.747 [INFO ] [main] WebEventListener : 32  Before navigating to 'https://www.crmpro.com'
2019-07-08 21:49:09.524 [INFO ] [main] WebEventListener : 37  Navigated to 'https://www.crmpro.com'
2019-07-08 21:49:29.530 [INFO ] [main] WebEventListener : 87  Trying to find Element By By.name: username
2019-07-08 21:49:29.605 [INFO ] [main] WebEventListener : 92  Found Element By By.name: username
2019-07-08 21:49:29.824 [INFO ] [main] WebEventListener : 87  Trying to find Element By By.name: password
2019-07-08 21:49:29.846 [INFO ] [main] WebEventListener : 92  Found Element By By.name: password
2019-07-08 21:49:29.961 [INFO ] [main] WebEventListener : 87  Trying to find Element By By.xpath: //input[@value='Login']
2019-07-08 21:49:29.987 [INFO ] [main] WebEventListener : 92  Found Element By By.xpath: //input[@value='Login']
2019-07-08 21:49:29.988 [INFO ] [main] WebEventListener : 52  Trying to click on [[ChromeDriver: chrome on XP (4f6f7a5f873281c9461637b1ea3f91e9)] -> xpath: //input[@value='Login']]
2019-07-08 21:49:40.277 [INFO ] [main] WebEventListener : 57  Clicked on [[ChromeDriver: chrome on XP (4f6f7a5f873281c9461637b1ea3f91e9)] -> xpath: //input[@value='Login']]
2019-07-08 21:49:55.406 [INFO ] [Forwarding actions on session 4f6f7a5f873281c9461637b1ea3f91e9 to remote] WebEventListener : 87  Trying to find Element By By.xpath: //a[@title='Contacts']
2019-07-08 21:49:55.462 [INFO ] [Forwarding actions on session 4f6f7a5f873281c9461637b1ea3f91e9 to remote] WebEventListener : 92  Found Element By By.xpath: //a[@title='Contacts']
2019-07-08 21:49:55.664 [INFO ] [main] WebEventListener : 87  Trying to find Element By By.linkText: New Contact
2019-07-08 21:49:55.747 [INFO ] [main] WebEventListener : 92  Found Element By By.linkText: New Contact
2019-07-08 21:49:55.747 [INFO ] [main] WebEventListener : 52  Trying to click on [[ChromeDriver: chrome on XP (4f6f7a5f873281c9461637b1ea3f91e9)] -> link text: New Contact]
2019-07-08 21:50:08.196 [INFO ] [main] WebEventListener : 57  Clicked on [[ChromeDriver: chrome on XP (4f6f7a5f873281c9461637b1ea3f91e9)] -> link text: New Contact]
2019-07-08 21:50:08.198 [INFO ] [main] TestListener : 21  Test started createNewContactTest
2019-07-08 21:50:08.200 [INFO ] [main] WebEventListener : 87  Trying to find Element By By.name: title
2019-07-08 21:50:08.246 [INFO ] [main] WebEventListener : 92  Found Element By By.name: title
2019-07-08 21:50:08.255 [INFO ] [main] WebEventListener : 87  Trying to find Element By By.name: title
2019-07-08 21:50:08.272 [INFO ] [main] WebEventListener : 92  Found Element By By.name: title
2019-07-08 21:50:08.286 [INFO ] [main] WebEventListener : 87  Trying to find Element By By.name: title
2019-07-08 21:50:08.301 [INFO ] [main] WebEventListener : 92  Found Element By By.name: title
2019-07-08 21:50:08.301 [INFO ] [main] WebEventListener : 87  Trying to find Element By By.xpath: .//option[normalize-space(.) = "Dr."]
2019-07-08 21:50:08.347 [INFO ] [main] WebEventListener : 92  Found Element By By.xpath: .//option[normalize-space(.) = "Dr."]
2019-07-08 21:50:08.365 [INFO ] [main] WebEventListener : 52  Trying to click on [[[[ChromeDriver: chrome on XP (4f6f7a5f873281c9461637b1ea3f91e9)] -> name: title]] -> xpath: .//option[normalize-space(.) = "Dr."]]
2019-07-08 21:50:08.412 [INFO ] [main] WebEventListener : 57  Clicked on [[[[ChromeDriver: chrome on XP (4f6f7a5f873281c9461637b1ea3f91e9)] -> name: title]] -> xpath: .//option[normalize-space(.) = "Dr."]]
2019-07-08 21:50:08.413 [INFO ] [main] WebEventListener : 87  Trying to find Element By By.id: first_name
2019-07-08 21:50:08.437 [INFO ] [main] WebEventListener : 92  Found Element By By.id: first_name
2019-07-08 21:50:08.578 [INFO ] [main] WebEventListener : 87  Trying to find Element By By.id: surname
2019-07-08 21:50:08.599 [INFO ] [main] WebEventListener : 92  Found Element By By.id: surname
2019-07-08 21:50:08.704 [INFO ] [main] WebEventListener : 87  Trying to find Element By By.name: client_lookup
2019-07-08 21:50:08.725 [INFO ] [main] WebEventListener : 92  Found Element By By.name: client_lookup
2019-07-08 21:50:08.832 [INFO ] [main] WebEventListener : 87  Trying to find Element By By.xpath: //input[@value='Save']
2019-07-08 21:50:08.854 [INFO ] [main] WebEventListener : 92  Found Element By By.xpath: //input[@value='Save']
2019-07-08 21:50:08.854 [INFO ] [main] WebEventListener : 52  Trying to click on [[ChromeDriver: chrome on XP (4f6f7a5f873281c9461637b1ea3f91e9)] -> xpath: //input[@value='Save']]
2019-07-08 21:50:12.085 [INFO ] [main] WebEventListener : 57  Clicked on [[ChromeDriver: chrome on XP (4f6f7a5f873281c9461637b1ea3f91e9)] -> xpath: //input[@value='Save']]
2019-07-08 21:50:12.087 [INFO ] [main] TestListener : 27  Test passed createNewContactTest
2019-07-08 21:50:17.136 [INFO ] [main] WebEventListener : 32  Before navigating to 'https://www.crmpro.com'
2019-07-08 21:50:25.224 [INFO ] [main] WebEventListener : 37  Navigated to 'https://www.crmpro.com'
2019-07-08 21:50:45.230 [INFO ] [main] WebEventListener : 87  Trying to find Element By By.name: username
2019-07-08 21:50:45.317 [INFO ] [main] WebEventListener : 92  Found Element By By.name: username
2019-07-08 21:50:45.637 [INFO ] [main] WebEventListener : 87  Trying to find Element By By.name: password
2019-07-08 21:50:45.656 [INFO ] [main] WebEventListener : 92  Found Element By By.name: password
2019-07-08 21:50:45.771 [INFO ] [main] WebEventListener : 87  Trying to find Element By By.xpath: //input[@value='Login']
2019-07-08 21:50:45.796 [INFO ] [main] WebEventListener : 92  Found Element By By.xpath: //input[@value='Login']
2019-07-08 21:50:45.798 [INFO ] [main] WebEventListener : 52  Trying to click on [[ChromeDriver: chrome on XP (d53bab6c61b0ca2969388c2777cd7c2d)] -> xpath: //input[@value='Login']]
2019-07-08 21:50:54.714 [INFO ] [main] WebEventListener : 57  Clicked on [[ChromeDriver: chrome on XP (d53bab6c61b0ca2969388c2777cd7c2d)] -> xpath: //input[@value='Login']]
2019-07-08 21:51:09.838 [INFO ] [Forwarding actions on session d53bab6c61b0ca2969388c2777cd7c2d to remote] WebEventListener : 87  Trying to find Element By By.xpath: //a[@title='Contacts']
2019-07-08 21:51:09.874 [INFO ] [Forwarding actions on session d53bab6c61b0ca2969388c2777cd7c2d to remote] WebEventListener : 92  Found Element By By.xpath: //a[@title='Contacts']
2019-07-08 21:51:10.123 [INFO ] [main] WebEventListener : 87  Trying to find Element By By.linkText: New Contact
2019-07-08 21:51:10.179 [INFO ] [main] WebEventListener : 92  Found Element By By.linkText: New Contact
2019-07-08 21:51:10.180 [INFO ] [main] WebEventListener : 52  Trying to click on [[ChromeDriver: chrome on XP (d53bab6c61b0ca2969388c2777cd7c2d)] -> link text: New Contact]
2019-07-08 21:51:14.708 [INFO ] [main] WebEventListener : 57  Clicked on [[ChromeDriver: chrome on XP (d53bab6c61b0ca2969388c2777cd7c2d)] -> link text: New Contact]
2019-07-08 21:51:14.712 [INFO ] [main] TestListener : 21  Test started createNewContactTest
2019-07-08 21:51:14.717 [INFO ] [main] WebEventListener : 87  Trying to find Element By By.name: title
2019-07-08 21:51:14.767 [INFO ] [main] WebEventListener : 92  Found Element By By.name: title
2019-07-08 21:51:14.784 [INFO ] [main] WebEventListener : 87  Trying to find Element By By.name: title
2019-07-08 21:51:14.831 [INFO ] [main] WebEventListener : 92  Found Element By By.name: title
2019-07-08 21:51:14.868 [INFO ] [main] WebEventListener : 87  Trying to find Element By By.name: title
2019-07-08 21:51:14.887 [INFO ] [main] WebEventListener : 92  Found Element By By.name: title
2019-07-08 21:51:14.887 [INFO ] [main] WebEventListener : 87  Trying to find Element By By.xpath: .//option[normalize-space(.) = "Mrs."]
2019-07-08 21:51:14.919 [INFO ] [main] WebEventListener : 92  Found Element By By.xpath: .//option[normalize-space(.) = "Mrs."]
2019-07-08 21:51:14.939 [INFO ] [main] WebEventListener : 52  Trying to click on [[[[ChromeDriver: chrome on XP (d53bab6c61b0ca2969388c2777cd7c2d)] -> name: title]] -> xpath: .//option[normalize-space(.) = "Mrs."]]
2019-07-08 21:51:15.047 [INFO ] [main] WebEventListener : 57  Clicked on [[[[ChromeDriver: chrome on XP (d53bab6c61b0ca2969388c2777cd7c2d)] -> name: title]] -> xpath: .//option[normalize-space(.) = "Mrs."]]
2019-07-08 21:51:15.049 [INFO ] [main] WebEventListener : 87  Trying to find Element By By.id: first_name
2019-07-08 21:51:15.090 [INFO ] [main] WebEventListener : 92  Found Element By By.id: first_name
2019-07-08 21:51:15.311 [INFO ] [main] WebEventListener : 87  Trying to find Element By By.id: surname
2019-07-08 21:51:15.328 [INFO ] [main] WebEventListener : 92  Found Element By By.id: surname
2019-07-08 21:51:15.409 [INFO ] [main] WebEventListener : 87  Trying to find Element By By.name: client_lookup
2019-07-08 21:51:15.432 [INFO ] [main] WebEventListener : 92  Found Element By By.name: client_lookup
2019-07-08 21:51:15.523 [INFO ] [main] WebEventListener : 87  Trying to find Element By By.xpath: //input[@value='Save']
2019-07-08 21:51:15.547 [INFO ] [main] WebEventListener : 92  Found Element By By.xpath: //input[@value='Save']
2019-07-08 21:51:15.548 [INFO ] [main] WebEventListener : 52  Trying to click on [[ChromeDriver: chrome on XP (d53bab6c61b0ca2969388c2777cd7c2d)] -> xpath: //input[@value='Save']]
2019-07-08 21:51:18.057 [INFO ] [main] WebEventListener : 57  Clicked on [[ChromeDriver: chrome on XP (d53bab6c61b0ca2969388c2777cd7c2d)] -> xpath: //input[@value='Save']]
2019-07-08 21:51:18.061 [INFO ] [main] TestListener : 27  Test passed createNewContactTest
2019-07-08 21:51:19.002 [INFO ] [main] TestListener : 59  Test finished CRMPRO Application Regression Test Cases
