2019-07-08 23:10:38.452 [INFO ] [main] TestListener : 53  Test started CRMPRO Application Regression Test Cases
2019-07-08 23:11:47.982 [INFO ] [main] WebEventListener : 32  Before navigating to 'https://www.crmpro.com'
2019-07-08 23:12:06.740 [INFO ] [main] WebEventListener : 37  Navigated to 'https://www.crmpro.com'
2019-07-08 23:12:26.937 [INFO ] [main] TestListener : 21  Test started validateLoginPageTitleTest
2019-07-08 23:12:27.140 [ERROR] [main] TestListener : 33  Test failed validateLoginPageTitleTest
java.lang.AssertionError: expected [CRMPRO  - CRM software for customer relationship management, sales, and support.] but found [CRM says…]
	at org.testng.Assert.fail(Assert.java:96) ~[testng-6.14.3.jar:?]
	at org.testng.Assert.failNotEquals(Assert.java:776) ~[testng-6.14.3.jar:?]
	at org.testng.Assert.assertEqualsImpl(Assert.java:137) ~[testng-6.14.3.jar:?]
	at org.testng.Assert.assertEquals(Assert.java:118) ~[testng-6.14.3.jar:?]
	at org.testng.Assert.assertEquals(Assert.java:453) ~[testng-6.14.3.jar:?]
	at org.testng.Assert.assertEquals(Assert.java:463) ~[testng-6.14.3.jar:?]
	at com.midhun.crmpro.tests.LoginPageTest.validateLoginPageTitleTest(LoginPageTest.java:25) ~[test-classes/:?]
	at jdk.internal.reflect.NativeMethodAccessorImpl.invoke0(Native Method) ~[?:?]
	at jdk.internal.reflect.NativeMethodAccessorImpl.invoke(NativeMethodAccessorImpl.java:62) ~[?:?]
	at jdk.internal.reflect.DelegatingMethodAccessorImpl.invoke(DelegatingMethodAccessorImpl.java:43) ~[?:?]
	at java.lang.reflect.Method.invoke(Method.java:566) ~[?:?]
	at org.testng.internal.MethodInvocationHelper.invokeMethod(MethodInvocationHelper.java:124) ~[testng-6.14.3.jar:?]
	at org.testng.internal.Invoker.invokeMethod(Invoker.java:583) [testng-6.14.3.jar:?]
	at org.testng.internal.Invoker.invokeTestMethod(Invoker.java:719) [testng-6.14.3.jar:?]
	at org.testng.internal.Invoker.invokeTestMethods(Invoker.java:989) [testng-6.14.3.jar:?]
	at org.testng.internal.TestMethodWorker.invokeTestMethods(TestMethodWorker.java:125) [testng-6.14.3.jar:?]
	at org.testng.internal.TestMethodWorker.run(TestMethodWorker.java:109) [testng-6.14.3.jar:?]
	at org.testng.TestRunner.privateRun(TestRunner.java:648) [testng-6.14.3.jar:?]
	at org.testng.TestRunner.run(TestRunner.java:505) [testng-6.14.3.jar:?]
	at org.testng.SuiteRunner.runTest(SuiteRunner.java:455) [testng-6.14.3.jar:?]
	at org.testng.SuiteRunner.runSequentially(SuiteRunner.java:450) [testng-6.14.3.jar:?]
	at org.testng.SuiteRunner.privateRun(SuiteRunner.java:415) [testng-6.14.3.jar:?]
	at org.testng.SuiteRunner.run(SuiteRunner.java:364) [testng-6.14.3.jar:?]
	at org.testng.SuiteRunnerWorker.runSuite(SuiteRunnerWorker.java:52) [testng-6.14.3.jar:?]
	at org.testng.SuiteRunnerWorker.run(SuiteRunnerWorker.java:84) [testng-6.14.3.jar:?]
	at org.testng.TestNG.runSuitesSequentially(TestNG.java:1208) [testng-6.14.3.jar:?]
	at org.testng.TestNG.runSuitesLocally(TestNG.java:1137) [testng-6.14.3.jar:?]
	at org.testng.TestNG.runSuites(TestNG.java:1049) [testng-6.14.3.jar:?]
	at org.testng.TestNG.run(TestNG.java:1017) [testng-6.14.3.jar:?]
	at org.apache.maven.surefire.testng.TestNGExecutor.run(TestNGExecutor.java:283) [surefire-testng-3.0.0-M3.jar:3.0.0-M3]
	at org.apache.maven.surefire.testng.TestNGXmlTestSuite.execute(TestNGXmlTestSuite.java:75) [surefire-testng-3.0.0-M3.jar:3.0.0-M3]
	at org.apache.maven.surefire.testng.TestNGProvider.invoke(TestNGProvider.java:120) [surefire-testng-3.0.0-M3.jar:3.0.0-M3]
	at org.apache.maven.surefire.booter.ForkedBooter.invokeProviderInSameClassLoader(ForkedBooter.java:384) [surefire-booter-3.0.0-M3.jar:3.0.0-M3]
	at org.apache.maven.surefire.booter.ForkedBooter.runSuitesInProcess(ForkedBooter.java:345) [surefire-booter-3.0.0-M3.jar:3.0.0-M3]
	at org.apache.maven.surefire.booter.ForkedBooter.execute(ForkedBooter.java:126) [surefire-booter-3.0.0-M3.jar:3.0.0-M3]
	at org.apache.maven.surefire.booter.ForkedBooter.main(ForkedBooter.java:418) [surefire-booter-3.0.0-M3.jar:3.0.0-M3]
2019-07-08 23:12:43.907 [INFO ] [main] WebEventListener : 32  Before navigating to 'https://www.crmpro.com'
2019-07-08 23:12:54.241 [INFO ] [main] WebEventListener : 37  Navigated to 'https://www.crmpro.com'
2019-07-08 23:13:14.244 [INFO ] [main] TestListener : 21  Test started crmproLogoTest
2019-07-08 23:13:14.244 [INFO ] [main] WebEventListener : 87  Trying to find Element By By.xpath: //img[@src='https://d3lh3kd7bj2evy.cloudfront.net/img/logo.png']
2019-07-08 23:13:14.473 [INFO ] [main] WebEventListener : 92  Found Element By By.xpath: //img[@src='https://d3lh3kd7bj2evy.cloudfront.net/img/logo.png']
2019-07-08 23:13:14.637 [INFO ] [main] TestListener : 27  Test passed crmproLogoTest
2019-07-08 23:13:24.696 [INFO ] [main] WebEventListener : 32  Before navigating to 'https://www.crmpro.com'
2019-07-08 23:13:40.715 [INFO ] [main] WebEventListener : 37  Navigated to 'https://www.crmpro.com'
2019-07-08 23:14:00.718 [INFO ] [main] TestListener : 21  Test started loginTest
2019-07-08 23:14:00.718 [INFO ] [main] WebEventListener : 87  Trying to find Element By By.name: username
2019-07-08 23:14:00.807 [INFO ] [main] WebEventListener : 92  Found Element By By.name: username
2019-07-08 23:14:01.215 [INFO ] [main] WebEventListener : 87  Trying to find Element By By.name: password
2019-07-08 23:14:01.250 [INFO ] [main] WebEventListener : 92  Found Element By By.name: password
2019-07-08 23:14:01.420 [INFO ] [main] WebEventListener : 87  Trying to find Element By By.xpath: //input[@value='Login']
2019-07-08 23:14:01.455 [INFO ] [main] WebEventListener : 92  Found Element By By.xpath: //input[@value='Login']
2019-07-08 23:14:01.458 [INFO ] [main] WebEventListener : 52  Trying to click on [[ChromeDriver: chrome on XP (8caed36ff5c684081024f2b62ef4f86b)] -> xpath: //input[@value='Login']]
2019-07-08 23:14:11.915 [INFO ] [main] WebEventListener : 57  Clicked on [[ChromeDriver: chrome on XP (8caed36ff5c684081024f2b62ef4f86b)] -> xpath: //input[@value='Login']]
2019-07-08 23:14:26.927 [INFO ] [main] TestListener : 27  Test passed loginTest
2019-07-08 23:14:31.858 [INFO ] [main] WebEventListener : 32  Before navigating to 'https://www.crmpro.com'
2019-07-08 23:14:41.705 [INFO ] [main] WebEventListener : 37  Navigated to 'https://www.crmpro.com'
2019-07-08 23:15:01.728 [INFO ] [main] WebEventListener : 87  Trying to find Element By By.name: username
2019-07-08 23:15:01.791 [INFO ] [main] WebEventListener : 92  Found Element By By.name: username
2019-07-08 23:15:02.120 [INFO ] [main] WebEventListener : 87  Trying to find Element By By.name: password
2019-07-08 23:15:02.153 [INFO ] [main] WebEventListener : 92  Found Element By By.name: password
2019-07-08 23:15:02.288 [INFO ] [main] WebEventListener : 87  Trying to find Element By By.xpath: //input[@value='Login']
2019-07-08 23:15:02.318 [INFO ] [main] WebEventListener : 92  Found Element By By.xpath: //input[@value='Login']
2019-07-08 23:15:02.318 [INFO ] [main] WebEventListener : 52  Trying to click on [[ChromeDriver: chrome on XP (1880494534d853d46f5078d26b5e637d)] -> xpath: //input[@value='Login']]
2019-07-08 23:15:12.360 [INFO ] [main] WebEventListener : 57  Clicked on [[ChromeDriver: chrome on XP (1880494534d853d46f5078d26b5e637d)] -> xpath: //input[@value='Login']]
2019-07-08 23:15:27.374 [INFO ] [main] TestListener : 21  Test started validateHomePageTitleTest
2019-07-08 23:15:27.394 [INFO ] [main] TestListener : 27  Test passed validateHomePageTitleTest
2019-07-08 23:15:32.311 [INFO ] [main] WebEventListener : 32  Before navigating to 'https://www.crmpro.com'
2019-07-08 23:15:42.763 [INFO ] [main] WebEventListener : 37  Navigated to 'https://www.crmpro.com'
2019-07-08 23:16:02.770 [INFO ] [main] WebEventListener : 87  Trying to find Element By By.name: username
2019-07-08 23:16:02.814 [INFO ] [main] WebEventListener : 92  Found Element By By.name: username
2019-07-08 23:16:03.115 [INFO ] [main] WebEventListener : 87  Trying to find Element By By.name: password
2019-07-08 23:16:03.141 [INFO ] [main] WebEventListener : 92  Found Element By By.name: password
2019-07-08 23:16:03.268 [INFO ] [main] WebEventListener : 87  Trying to find Element By By.xpath: //input[@value='Login']
2019-07-08 23:16:03.294 [INFO ] [main] WebEventListener : 92  Found Element By By.xpath: //input[@value='Login']
2019-07-08 23:16:03.295 [INFO ] [main] WebEventListener : 52  Trying to click on [[ChromeDriver: chrome on XP (f9186db298c7ab5b78b54de049e0f967)] -> xpath: //input[@value='Login']]
2019-07-08 23:16:11.872 [INFO ] [main] WebEventListener : 57  Clicked on [[ChromeDriver: chrome on XP (f9186db298c7ab5b78b54de049e0f967)] -> xpath: //input[@value='Login']]
2019-07-08 23:16:26.879 [INFO ] [main] TestListener : 21  Test started validateLoggedInUserNameTest
2019-07-08 23:16:27.033 [INFO ] [main] WebEventListener : 87  Trying to find Element By By.xpath: //td[contains(text(), 'User: Midhun Kannath')]
2019-07-08 23:16:27.103 [INFO ] [main] WebEventListener : 92  Found Element By By.xpath: //td[contains(text(), 'User: Midhun Kannath')]
2019-07-08 23:16:27.159 [INFO ] [main] TestListener : 27  Test passed validateLoggedInUserNameTest
2019-07-08 23:16:32.078 [INFO ] [main] WebEventListener : 32  Before navigating to 'https://www.crmpro.com'
2019-07-08 23:16:43.315 [INFO ] [main] WebEventListener : 37  Navigated to 'https://www.crmpro.com'
2019-07-08 23:17:03.320 [INFO ] [main] WebEventListener : 87  Trying to find Element By By.name: username
2019-07-08 23:17:03.409 [INFO ] [main] WebEventListener : 92  Found Element By By.name: username
2019-07-08 23:17:03.805 [INFO ] [main] WebEventListener : 87  Trying to find Element By By.name: password
2019-07-08 23:17:03.844 [INFO ] [main] WebEventListener : 92  Found Element By By.name: password
2019-07-08 23:17:03.974 [INFO ] [main] WebEventListener : 87  Trying to find Element By By.xpath: //input[@value='Login']
2019-07-08 23:17:04.005 [INFO ] [main] WebEventListener : 92  Found Element By By.xpath: //input[@value='Login']
2019-07-08 23:17:04.008 [INFO ] [main] WebEventListener : 52  Trying to click on [[ChromeDriver: chrome on XP (62c92df10720ce5ae4070261ac1b0d1b)] -> xpath: //input[@value='Login']]
2019-07-08 23:17:16.054 [INFO ] [main] WebEventListener : 57  Clicked on [[ChromeDriver: chrome on XP (62c92df10720ce5ae4070261ac1b0d1b)] -> xpath: //input[@value='Login']]
2019-07-08 23:17:31.058 [INFO ] [main] TestListener : 21  Test started validateContactsLink
2019-07-08 23:17:31.187 [INFO ] [main] WebEventListener : 87  Trying to find Element By By.xpath: //a[@title='Contacts']
2019-07-08 23:17:31.228 [INFO ] [main] WebEventListener : 92  Found Element By By.xpath: //a[@title='Contacts']
2019-07-08 23:17:31.228 [INFO ] [main] WebEventListener : 52  Trying to click on [[ChromeDriver: chrome on XP (62c92df10720ce5ae4070261ac1b0d1b)] -> xpath: //a[@title='Contacts']]
2019-07-08 23:17:34.623 [INFO ] [main] WebEventListener : 57  Clicked on [[ChromeDriver: chrome on XP (62c92df10720ce5ae4070261ac1b0d1b)] -> xpath: //a[@title='Contacts']]
2019-07-08 23:17:49.656 [INFO ] [main] TestListener : 27  Test passed validateContactsLink
2019-07-08 23:17:54.591 [INFO ] [main] WebEventListener : 32  Before navigating to 'https://www.crmpro.com'
2019-07-08 23:18:23.692 [INFO ] [main] WebEventListener : 37  Navigated to 'https://www.crmpro.com'
2019-07-08 23:18:43.695 [INFO ] [main] WebEventListener : 87  Trying to find Element By By.name: username
2019-07-08 23:18:43.777 [INFO ] [main] WebEventListener : 92  Found Element By By.name: username
2019-07-08 23:18:44.046 [INFO ] [main] WebEventListener : 87  Trying to find Element By By.name: password
2019-07-08 23:18:44.073 [INFO ] [main] WebEventListener : 92  Found Element By By.name: password
2019-07-08 23:18:44.214 [INFO ] [main] WebEventListener : 87  Trying to find Element By By.xpath: //input[@value='Login']
2019-07-08 23:18:44.245 [INFO ] [main] WebEventListener : 92  Found Element By By.xpath: //input[@value='Login']
2019-07-08 23:18:44.245 [INFO ] [main] WebEventListener : 52  Trying to click on [[ChromeDriver: chrome on XP (7e40781a8891559dd59ef0507ad39b93)] -> xpath: //input[@value='Login']]
2019-07-08 23:19:06.724 [INFO ] [main] WebEventListener : 57  Clicked on [[ChromeDriver: chrome on XP (7e40781a8891559dd59ef0507ad39b93)] -> xpath: //input[@value='Login']]
2019-07-08 23:19:21.822 [INFO ] [main] WebEventListener : 87  Trying to find Element By By.xpath: //a[@title='Contacts']
2019-07-08 23:19:21.863 [INFO ] [main] WebEventListener : 92  Found Element By By.xpath: //a[@title='Contacts']
2019-07-08 23:19:21.863 [INFO ] [main] WebEventListener : 52  Trying to click on [[ChromeDriver: chrome on XP (7e40781a8891559dd59ef0507ad39b93)] -> xpath: //a[@title='Contacts']]
2019-07-08 23:19:26.651 [INFO ] [main] WebEventListener : 57  Clicked on [[ChromeDriver: chrome on XP (7e40781a8891559dd59ef0507ad39b93)] -> xpath: //a[@title='Contacts']]
2019-07-08 23:19:41.664 [INFO ] [main] TestListener : 21  Test started validateContactsLabelTest
2019-07-08 23:19:41.664 [INFO ] [main] WebEventListener : 87  Trying to find Element By By.xpath: //td[contains(text(), 'Contacts')]
2019-07-08 23:19:41.721 [INFO ] [main] WebEventListener : 92  Found Element By By.xpath: //td[contains(text(), 'Contacts')]
2019-07-08 23:19:41.815 [INFO ] [main] TestListener : 27  Test passed validateContactsLabelTest
2019-07-08 23:19:46.472 [INFO ] [main] WebEventListener : 32  Before navigating to 'https://www.crmpro.com'
2019-07-08 23:20:16.983 [INFO ] [main] WebEventListener : 37  Navigated to 'https://www.crmpro.com'
2019-07-08 23:20:36.987 [INFO ] [main] WebEventListener : 87  Trying to find Element By By.name: username
2019-07-08 23:20:37.046 [INFO ] [main] WebEventListener : 92  Found Element By By.name: username
2019-07-08 23:20:37.393 [INFO ] [main] WebEventListener : 87  Trying to find Element By By.name: password
2019-07-08 23:20:37.422 [INFO ] [main] WebEventListener : 92  Found Element By By.name: password
2019-07-08 23:20:37.553 [INFO ] [main] WebEventListener : 87  Trying to find Element By By.xpath: //input[@value='Login']
2019-07-08 23:20:37.582 [INFO ] [main] WebEventListener : 92  Found Element By By.xpath: //input[@value='Login']
2019-07-08 23:20:37.585 [INFO ] [main] WebEventListener : 52  Trying to click on [[ChromeDriver: chrome on XP (8a195bbc16a75b1f8e80aded72aae718)] -> xpath: //input[@value='Login']]
2019-07-08 23:20:46.357 [INFO ] [main] WebEventListener : 57  Clicked on [[ChromeDriver: chrome on XP (8a195bbc16a75b1f8e80aded72aae718)] -> xpath: //input[@value='Login']]
2019-07-08 23:21:01.488 [INFO ] [main] WebEventListener : 87  Trying to find Element By By.xpath: //a[@title='Contacts']
2019-07-08 23:21:01.522 [INFO ] [main] WebEventListener : 92  Found Element By By.xpath: //a[@title='Contacts']
2019-07-08 23:21:01.522 [INFO ] [main] WebEventListener : 52  Trying to click on [[ChromeDriver: chrome on XP (8a195bbc16a75b1f8e80aded72aae718)] -> xpath: //a[@title='Contacts']]
2019-07-08 23:21:22.010 [INFO ] [main] WebEventListener : 57  Clicked on [[ChromeDriver: chrome on XP (8a195bbc16a75b1f8e80aded72aae718)] -> xpath: //a[@title='Contacts']]
2019-07-08 23:21:37.014 [INFO ] [main] TestListener : 21  Test started selectSingleContactTest
2019-07-08 23:21:37.014 [INFO ] [main] WebEventListener : 87  Trying to find Element By By.xpath: //a[text()='Midhun Kannath']/../preceding-sibling::td
2019-07-08 23:21:37.065 [INFO ] [main] WebEventListener : 92  Found Element By By.xpath: //a[text()='Midhun Kannath']/../preceding-sibling::td
2019-07-08 23:21:37.080 [INFO ] [main] WebEventListener : 52  Trying to click on [[ChromeDriver: chrome on XP (8a195bbc16a75b1f8e80aded72aae718)] -> xpath: //a[text()='Midhun Kannath']/../preceding-sibling::td]
2019-07-08 23:21:37.226 [INFO ] [main] WebEventListener : 57  Clicked on [[ChromeDriver: chrome on XP (8a195bbc16a75b1f8e80aded72aae718)] -> xpath: //a[text()='Midhun Kannath']/../preceding-sibling::td]
2019-07-08 23:21:42.238 [INFO ] [main] TestListener : 27  Test passed selectSingleContactTest
2019-07-08 23:21:47.243 [INFO ] [main] WebEventListener : 32  Before navigating to 'https://www.crmpro.com'
2019-07-08 23:22:04.325 [INFO ] [main] WebEventListener : 37  Navigated to 'https://www.crmpro.com'
2019-07-08 23:22:24.331 [INFO ] [main] WebEventListener : 87  Trying to find Element By By.name: username
2019-07-08 23:22:24.423 [INFO ] [main] WebEventListener : 92  Found Element By By.name: username
2019-07-08 23:22:24.660 [INFO ] [main] WebEventListener : 87  Trying to find Element By By.name: password
2019-07-08 23:22:24.681 [INFO ] [main] WebEventListener : 92  Found Element By By.name: password
2019-07-08 23:22:24.798 [INFO ] [main] WebEventListener : 87  Trying to find Element By By.xpath: //input[@value='Login']
2019-07-08 23:22:24.820 [INFO ] [main] WebEventListener : 92  Found Element By By.xpath: //input[@value='Login']
2019-07-08 23:22:24.821 [INFO ] [main] WebEventListener : 52  Trying to click on [[ChromeDriver: chrome on XP (ac98468135c68d1a7942a2617b3399df)] -> xpath: //input[@value='Login']]
2019-07-08 23:23:12.893 [INFO ] [main] WebEventListener : 57  Clicked on [[ChromeDriver: chrome on XP (ac98468135c68d1a7942a2617b3399df)] -> xpath: //input[@value='Login']]
2019-07-08 23:23:28.026 [INFO ] [main] WebEventListener : 87  Trying to find Element By By.xpath: //a[@title='Contacts']
2019-07-08 23:23:28.073 [INFO ] [main] WebEventListener : 92  Found Element By By.xpath: //a[@title='Contacts']
2019-07-08 23:23:28.073 [INFO ] [main] WebEventListener : 52  Trying to click on [[ChromeDriver: chrome on XP (ac98468135c68d1a7942a2617b3399df)] -> xpath: //a[@title='Contacts']]
2019-07-08 23:23:46.955 [INFO ] [main] WebEventListener : 57  Clicked on [[ChromeDriver: chrome on XP (ac98468135c68d1a7942a2617b3399df)] -> xpath: //a[@title='Contacts']]
2019-07-08 23:24:01.972 [INFO ] [main] TestListener : 21  Test started selectMultipleContactsTest
2019-07-08 23:24:01.973 [INFO ] [main] WebEventListener : 87  Trying to find Element By By.xpath: //a[text()='Midhun Kannath']/../preceding-sibling::td
2019-07-08 23:24:02.032 [INFO ] [main] WebEventListener : 92  Found Element By By.xpath: //a[text()='Midhun Kannath']/../preceding-sibling::td
2019-07-08 23:24:02.033 [INFO ] [main] WebEventListener : 52  Trying to click on [[ChromeDriver: chrome on XP (ac98468135c68d1a7942a2617b3399df)] -> xpath: //a[text()='Midhun Kannath']/../preceding-sibling::td]
2019-07-08 23:24:02.179 [INFO ] [main] WebEventListener : 57  Clicked on [[ChromeDriver: chrome on XP (ac98468135c68d1a7942a2617b3399df)] -> xpath: //a[text()='Midhun Kannath']/../preceding-sibling::td]
2019-07-08 23:24:07.189 [INFO ] [main] WebEventListener : 87  Trying to find Element By By.xpath: //a[text()='Harisankar Pariyarath']/../preceding-sibling::td
2019-07-08 23:24:07.243 [INFO ] [main] WebEventListener : 92  Found Element By By.xpath: //a[text()='Harisankar Pariyarath']/../preceding-sibling::td
2019-07-08 23:24:07.243 [INFO ] [main] WebEventListener : 52  Trying to click on [[ChromeDriver: chrome on XP (ac98468135c68d1a7942a2617b3399df)] -> xpath: //a[text()='Harisankar Pariyarath']/../preceding-sibling::td]
2019-07-08 23:24:07.385 [INFO ] [main] WebEventListener : 57  Clicked on [[ChromeDriver: chrome on XP (ac98468135c68d1a7942a2617b3399df)] -> xpath: //a[text()='Harisankar Pariyarath']/../preceding-sibling::td]
2019-07-08 23:24:12.405 [INFO ] [main] TestListener : 27  Test passed selectMultipleContactsTest
2019-07-08 23:24:19.994 [INFO ] [main] WebEventListener : 32  Before navigating to 'https://www.crmpro.com'
2019-07-08 23:24:59.810 [INFO ] [main] WebEventListener : 37  Navigated to 'https://www.crmpro.com'
2019-07-08 23:25:19.813 [INFO ] [main] WebEventListener : 87  Trying to find Element By By.name: username
2019-07-08 23:25:19.879 [INFO ] [main] WebEventListener : 92  Found Element By By.name: username
2019-07-08 23:25:20.220 [INFO ] [main] WebEventListener : 87  Trying to find Element By By.name: password
2019-07-08 23:25:20.249 [INFO ] [main] WebEventListener : 92  Found Element By By.name: password
2019-07-08 23:25:20.396 [INFO ] [main] WebEventListener : 87  Trying to find Element By By.xpath: //input[@value='Login']
2019-07-08 23:25:20.430 [INFO ] [main] WebEventListener : 92  Found Element By By.xpath: //input[@value='Login']
2019-07-08 23:25:20.431 [INFO ] [main] WebEventListener : 52  Trying to click on [[ChromeDriver: chrome on XP (77135a0c1ed3e1bfb5f64a21240ca097)] -> xpath: //input[@value='Login']]
2019-07-08 23:25:30.145 [INFO ] [main] WebEventListener : 57  Clicked on [[ChromeDriver: chrome on XP (77135a0c1ed3e1bfb5f64a21240ca097)] -> xpath: //input[@value='Login']]
2019-07-08 23:25:45.265 [INFO ] [Forwarding actions on session 77135a0c1ed3e1bfb5f64a21240ca097 to remote] WebEventListener : 87  Trying to find Element By By.xpath: //a[@title='Contacts']
2019-07-08 23:25:45.316 [INFO ] [Forwarding actions on session 77135a0c1ed3e1bfb5f64a21240ca097 to remote] WebEventListener : 92  Found Element By By.xpath: //a[@title='Contacts']
2019-07-08 23:25:45.524 [INFO ] [main] WebEventListener : 87  Trying to find Element By By.linkText: New Contact
2019-07-08 23:25:45.567 [INFO ] [main] WebEventListener : 92  Found Element By By.linkText: New Contact
2019-07-08 23:25:45.569 [INFO ] [main] WebEventListener : 52  Trying to click on [[ChromeDriver: chrome on XP (77135a0c1ed3e1bfb5f64a21240ca097)] -> link text: New Contact]
2019-07-08 23:25:56.053 [INFO ] [main] WebEventListener : 57  Clicked on [[ChromeDriver: chrome on XP (77135a0c1ed3e1bfb5f64a21240ca097)] -> link text: New Contact]
2019-07-08 23:25:56.068 [INFO ] [main] TestListener : 21  Test started createNewContactTest
2019-07-08 23:25:56.075 [INFO ] [main] WebEventListener : 87  Trying to find Element By By.name: title
2019-07-08 23:25:56.123 [INFO ] [main] WebEventListener : 92  Found Element By By.name: title
2019-07-08 23:25:56.123 [INFO ] [main] WebEventListener : 87  Trying to find Element By By.name: title
2019-07-08 23:25:56.181 [INFO ] [main] WebEventListener : 92  Found Element By By.name: title
2019-07-08 23:25:56.215 [INFO ] [main] WebEventListener : 87  Trying to find Element By By.name: title
2019-07-08 23:25:56.239 [INFO ] [main] WebEventListener : 92  Found Element By By.name: title
2019-07-08 23:25:56.239 [INFO ] [main] WebEventListener : 87  Trying to find Element By By.xpath: .//option[normalize-space(.) = "Mr."]
2019-07-08 23:25:56.282 [INFO ] [main] WebEventListener : 92  Found Element By By.xpath: .//option[normalize-space(.) = "Mr."]
2019-07-08 23:25:56.302 [INFO ] [main] WebEventListener : 52  Trying to click on [[[[ChromeDriver: chrome on XP (77135a0c1ed3e1bfb5f64a21240ca097)] -> name: title]] -> xpath: .//option[normalize-space(.) = "Mr."]]
2019-07-08 23:25:56.364 [INFO ] [main] WebEventListener : 57  Clicked on [[[[ChromeDriver: chrome on XP (77135a0c1ed3e1bfb5f64a21240ca097)] -> name: title]] -> xpath: .//option[normalize-space(.) = "Mr."]]
2019-07-08 23:25:56.366 [INFO ] [main] WebEventListener : 87  Trying to find Element By By.id: first_name
2019-07-08 23:25:56.388 [INFO ] [main] WebEventListener : 92  Found Element By By.id: first_name
2019-07-08 23:25:56.557 [INFO ] [main] WebEventListener : 87  Trying to find Element By By.id: surname
2019-07-08 23:25:56.580 [INFO ] [main] WebEventListener : 92  Found Element By By.id: surname
2019-07-08 23:25:56.736 [INFO ] [main] WebEventListener : 87  Trying to find Element By By.name: client_lookup
2019-07-08 23:25:56.763 [INFO ] [main] WebEventListener : 92  Found Element By By.name: client_lookup
2019-07-08 23:25:56.963 [INFO ] [main] WebEventListener : 87  Trying to find Element By By.xpath: //input[@value='Save']
2019-07-08 23:25:56.989 [INFO ] [main] WebEventListener : 92  Found Element By By.xpath: //input[@value='Save']
2019-07-08 23:25:56.993 [INFO ] [main] WebEventListener : 52  Trying to click on [[ChromeDriver: chrome on XP (77135a0c1ed3e1bfb5f64a21240ca097)] -> xpath: //input[@value='Save']]
2019-07-08 23:26:03.955 [INFO ] [main] WebEventListener : 57  Clicked on [[ChromeDriver: chrome on XP (77135a0c1ed3e1bfb5f64a21240ca097)] -> xpath: //input[@value='Save']]
2019-07-08 23:26:03.958 [INFO ] [main] TestListener : 27  Test passed createNewContactTest
2019-07-08 23:26:08.756 [INFO ] [main] WebEventListener : 32  Before navigating to 'https://www.crmpro.com'
2019-07-08 23:26:55.790 [INFO ] [main] WebEventListener : 37  Navigated to 'https://www.crmpro.com'
2019-07-08 23:27:15.793 [INFO ] [main] WebEventListener : 87  Trying to find Element By By.name: username
2019-07-08 23:27:15.868 [INFO ] [main] WebEventListener : 92  Found Element By By.name: username
2019-07-08 23:27:16.193 [INFO ] [main] WebEventListener : 87  Trying to find Element By By.name: password
2019-07-08 23:27:16.221 [INFO ] [main] WebEventListener : 92  Found Element By By.name: password
2019-07-08 23:27:16.344 [INFO ] [main] WebEventListener : 87  Trying to find Element By By.xpath: //input[@value='Login']
2019-07-08 23:27:16.373 [INFO ] [main] WebEventListener : 92  Found Element By By.xpath: //input[@value='Login']
2019-07-08 23:27:16.375 [INFO ] [main] WebEventListener : 52  Trying to click on [[ChromeDriver: chrome on XP (21d0d1ea887f8a607160a601168f8393)] -> xpath: //input[@value='Login']]
2019-07-08 23:27:27.173 [INFO ] [main] WebEventListener : 57  Clicked on [[ChromeDriver: chrome on XP (21d0d1ea887f8a607160a601168f8393)] -> xpath: //input[@value='Login']]
2019-07-08 23:27:42.313 [INFO ] [Forwarding actions on session 21d0d1ea887f8a607160a601168f8393 to remote] WebEventListener : 87  Trying to find Element By By.xpath: //a[@title='Contacts']
2019-07-08 23:27:42.364 [INFO ] [Forwarding actions on session 21d0d1ea887f8a607160a601168f8393 to remote] WebEventListener : 92  Found Element By By.xpath: //a[@title='Contacts']
2019-07-08 23:27:42.571 [INFO ] [main] WebEventListener : 87  Trying to find Element By By.linkText: New Contact
2019-07-08 23:27:42.614 [INFO ] [main] WebEventListener : 92  Found Element By By.linkText: New Contact
2019-07-08 23:27:42.614 [INFO ] [main] WebEventListener : 52  Trying to click on [[ChromeDriver: chrome on XP (21d0d1ea887f8a607160a601168f8393)] -> link text: New Contact]
2019-07-08 23:27:53.907 [INFO ] [main] WebEventListener : 57  Clicked on [[ChromeDriver: chrome on XP (21d0d1ea887f8a607160a601168f8393)] -> link text: New Contact]
2019-07-08 23:27:53.907 [INFO ] [main] TestListener : 21  Test started createNewContactTest
2019-07-08 23:27:53.911 [INFO ] [main] WebEventListener : 87  Trying to find Element By By.name: title
2019-07-08 23:27:53.949 [INFO ] [main] WebEventListener : 92  Found Element By By.name: title
2019-07-08 23:27:53.976 [INFO ] [main] WebEventListener : 87  Trying to find Element By By.name: title
2019-07-08 23:27:54.012 [INFO ] [main] WebEventListener : 92  Found Element By By.name: title
2019-07-08 23:27:54.045 [INFO ] [main] WebEventListener : 87  Trying to find Element By By.name: title
2019-07-08 23:27:54.085 [INFO ] [main] WebEventListener : 92  Found Element By By.name: title
2019-07-08 23:27:54.089 [INFO ] [main] WebEventListener : 87  Trying to find Element By By.xpath: .//option[normalize-space(.) = "Dr."]
2019-07-08 23:27:54.129 [INFO ] [main] WebEventListener : 92  Found Element By By.xpath: .//option[normalize-space(.) = "Dr."]
2019-07-08 23:27:54.162 [INFO ] [main] WebEventListener : 52  Trying to click on [[[[ChromeDriver: chrome on XP (21d0d1ea887f8a607160a601168f8393)] -> name: title]] -> xpath: .//option[normalize-space(.) = "Dr."]]
2019-07-08 23:27:54.297 [INFO ] [main] WebEventListener : 57  Clicked on [[[[ChromeDriver: chrome on XP (21d0d1ea887f8a607160a601168f8393)] -> name: title]] -> xpath: .//option[normalize-space(.) = "Dr."]]
2019-07-08 23:27:54.299 [INFO ] [main] WebEventListener : 87  Trying to find Element By By.id: first_name
2019-07-08 23:27:54.330 [INFO ] [main] WebEventListener : 92  Found Element By By.id: first_name
2019-07-08 23:27:54.508 [INFO ] [main] WebEventListener : 87  Trying to find Element By By.id: surname
2019-07-08 23:27:54.529 [INFO ] [main] WebEventListener : 92  Found Element By By.id: surname
2019-07-08 23:27:54.654 [INFO ] [main] WebEventListener : 87  Trying to find Element By By.name: client_lookup
2019-07-08 23:27:54.680 [INFO ] [main] WebEventListener : 92  Found Element By By.name: client_lookup
2019-07-08 23:27:54.816 [INFO ] [main] WebEventListener : 87  Trying to find Element By By.xpath: //input[@value='Save']
2019-07-08 23:27:54.845 [INFO ] [main] WebEventListener : 92  Found Element By By.xpath: //input[@value='Save']
2019-07-08 23:27:54.846 [INFO ] [main] WebEventListener : 52  Trying to click on [[ChromeDriver: chrome on XP (21d0d1ea887f8a607160a601168f8393)] -> xpath: //input[@value='Save']]
2019-07-08 23:27:58.925 [INFO ] [main] WebEventListener : 57  Clicked on [[ChromeDriver: chrome on XP (21d0d1ea887f8a607160a601168f8393)] -> xpath: //input[@value='Save']]
2019-07-08 23:27:58.925 [INFO ] [main] TestListener : 27  Test passed createNewContactTest
2019-07-08 23:28:03.858 [INFO ] [main] WebEventListener : 32  Before navigating to 'https://www.crmpro.com'
2019-07-08 23:28:22.601 [INFO ] [main] WebEventListener : 37  Navigated to 'https://www.crmpro.com'
2019-07-08 23:28:42.606 [INFO ] [main] WebEventListener : 87  Trying to find Element By By.name: username
2019-07-08 23:28:42.702 [INFO ] [main] WebEventListener : 92  Found Element By By.name: username
2019-07-08 23:28:43.007 [INFO ] [main] WebEventListener : 87  Trying to find Element By By.name: password
2019-07-08 23:28:43.032 [INFO ] [main] WebEventListener : 92  Found Element By By.name: password
2019-07-08 23:28:43.156 [INFO ] [main] WebEventListener : 87  Trying to find Element By By.xpath: //input[@value='Login']
2019-07-08 23:28:43.182 [INFO ] [main] WebEventListener : 92  Found Element By By.xpath: //input[@value='Login']
2019-07-08 23:28:43.183 [INFO ] [main] WebEventListener : 52  Trying to click on [[ChromeDriver: chrome on XP (0c632c4c0b2a900ae83d5c5145c7b349)] -> xpath: //input[@value='Login']]
2019-07-08 23:28:55.282 [INFO ] [main] WebEventListener : 57  Clicked on [[ChromeDriver: chrome on XP (0c632c4c0b2a900ae83d5c5145c7b349)] -> xpath: //input[@value='Login']]
2019-07-08 23:29:10.422 [INFO ] [Forwarding actions on session 0c632c4c0b2a900ae83d5c5145c7b349 to remote] WebEventListener : 87  Trying to find Element By By.xpath: //a[@title='Contacts']
2019-07-08 23:29:10.474 [INFO ] [Forwarding actions on session 0c632c4c0b2a900ae83d5c5145c7b349 to remote] WebEventListener : 92  Found Element By By.xpath: //a[@title='Contacts']
2019-07-08 23:29:10.693 [INFO ] [main] WebEventListener : 87  Trying to find Element By By.linkText: New Contact
2019-07-08 23:29:10.771 [INFO ] [main] WebEventListener : 92  Found Element By By.linkText: New Contact
2019-07-08 23:29:10.771 [INFO ] [main] WebEventListener : 52  Trying to click on [[ChromeDriver: chrome on XP (0c632c4c0b2a900ae83d5c5145c7b349)] -> link text: New Contact]
2019-07-08 23:29:14.874 [INFO ] [main] WebEventListener : 57  Clicked on [[ChromeDriver: chrome on XP (0c632c4c0b2a900ae83d5c5145c7b349)] -> link text: New Contact]
2019-07-08 23:29:14.876 [INFO ] [main] TestListener : 21  Test started createNewContactTest
2019-07-08 23:29:14.877 [INFO ] [main] WebEventListener : 87  Trying to find Element By By.name: title
2019-07-08 23:29:14.913 [INFO ] [main] WebEventListener : 92  Found Element By By.name: title
2019-07-08 23:29:14.926 [INFO ] [main] WebEventListener : 87  Trying to find Element By By.name: title
2019-07-08 23:29:14.944 [INFO ] [main] WebEventListener : 92  Found Element By By.name: title
2019-07-08 23:29:14.971 [INFO ] [main] WebEventListener : 87  Trying to find Element By By.name: title
2019-07-08 23:29:15.004 [INFO ] [main] WebEventListener : 92  Found Element By By.name: title
2019-07-08 23:29:15.005 [INFO ] [main] WebEventListener : 87  Trying to find Element By By.xpath: .//option[normalize-space(.) = "Mrs."]
2019-07-08 23:29:15.029 [INFO ] [main] WebEventListener : 92  Found Element By By.xpath: .//option[normalize-space(.) = "Mrs."]
2019-07-08 23:29:15.050 [INFO ] [main] WebEventListener : 52  Trying to click on [[[[ChromeDriver: chrome on XP (0c632c4c0b2a900ae83d5c5145c7b349)] -> name: title]] -> xpath: .//option[normalize-space(.) = "Mrs."]]
2019-07-08 23:29:15.104 [INFO ] [main] WebEventListener : 57  Clicked on [[[[ChromeDriver: chrome on XP (0c632c4c0b2a900ae83d5c5145c7b349)] -> name: title]] -> xpath: .//option[normalize-space(.) = "Mrs."]]
2019-07-08 23:29:15.104 [INFO ] [main] WebEventListener : 87  Trying to find Element By By.id: first_name
2019-07-08 23:29:15.122 [INFO ] [main] WebEventListener : 92  Found Element By By.id: first_name
2019-07-08 23:29:15.235 [INFO ] [main] WebEventListener : 87  Trying to find Element By By.id: surname
2019-07-08 23:29:15.253 [INFO ] [main] WebEventListener : 92  Found Element By By.id: surname
2019-07-08 23:29:15.335 [INFO ] [main] WebEventListener : 87  Trying to find Element By By.name: client_lookup
2019-07-08 23:29:15.355 [INFO ] [main] WebEventListener : 92  Found Element By By.name: client_lookup
2019-07-08 23:29:15.437 [INFO ] [main] WebEventListener : 87  Trying to find Element By By.xpath: //input[@value='Save']
2019-07-08 23:29:15.459 [INFO ] [main] WebEventListener : 92  Found Element By By.xpath: //input[@value='Save']
2019-07-08 23:29:15.459 [INFO ] [main] WebEventListener : 52  Trying to click on [[ChromeDriver: chrome on XP (0c632c4c0b2a900ae83d5c5145c7b349)] -> xpath: //input[@value='Save']]
2019-07-08 23:29:19.826 [INFO ] [main] WebEventListener : 57  Clicked on [[ChromeDriver: chrome on XP (0c632c4c0b2a900ae83d5c5145c7b349)] -> xpath: //input[@value='Save']]
2019-07-08 23:29:19.826 [INFO ] [main] TestListener : 27  Test passed createNewContactTest
2019-07-08 23:29:20.947 [INFO ] [main] TestListener : 59  Test finished CRMPRO Application Regression Test Cases
